;  LST file generated by mikroListExporter - v.2.0 
; Date/Time: 02/05/2013 20:17:24
;----------------------------------------------

;Address Opcode 	ASM
0x0000	0x0202AE  	LJMP 686
0x0003	0x020000  	LJMP 0
0x0006	0x00      	NOP
0x0007	0x00      	NOP
0x0008	0x00      	NOP
0x0009	0x00      	NOP
0x000A	0x00      	NOP
0x000B	0x020000  	LJMP 0
0x000E	0x00      	NOP
0x000F	0x00      	NOP
0x0010	0x00      	NOP
0x0011	0x00      	NOP
0x0012	0x00      	NOP
0x0013	0x020000  	LJMP 0
0x0016	0x00      	NOP
0x0017	0x00      	NOP
0x0018	0x00      	NOP
0x0019	0x00      	NOP
0x001A	0x00      	NOP
0x001B	0x020000  	LJMP 0
0x001E	0x00      	NOP
0x001F	0x00      	NOP
0x0020	0x00      	NOP
0x0021	0x00      	NOP
0x0022	0x00      	NOP
0x0023	0x020000  	LJMP 0
0x0026	0x00      	NOP
0x0027	0x00      	NOP
0x0028	0x00      	NOP
0x0029	0x00      	NOP
0x002A	0x00      	NOP
0x002B	0x020000  	LJMP 0
0x002E	0x00      	NOP
0x002F	0x00      	NOP
0x0030	0x00      	NOP
0x0031	0x00      	NOP
0x0032	0x00      	NOP
0x0033	0x020000  	LJMP 0
0x0036	0x00      	NOP
0x0037	0x00      	NOP
0x0038	0x00      	NOP
0x0039	0x00      	NOP
0x003A	0x00      	NOP
0x003B	0x020000  	LJMP 0
0x003E	0x00      	NOP
0x003F	0x00      	NOP
0x0040	0x00      	NOP
0x0041	0x00      	NOP
0x0042	0x00      	NOP
0x0043	0x00      	NOP
0x0044	0x00      	NOP
0x0045	0x00      	NOP
0x0046	0x00      	NOP
0x0047	0x00      	NOP
0x0048	0x00      	NOP
0x0049	0x00      	NOP
0x004A	0x00      	NOP
0x004B	0x020000  	LJMP 0
_Delay_50us:
;__Lib_Delays.c,138 :: 		void Delay_50us() {
;__Lib_Delays.c,139 :: 		Delay_us(50);
0x004E	0x7F16    	MOV R7, 22
0x0050	0xDFFE    	DJNZ R7, PC-2
0x0052	0x00      	NOP
;__Lib_Delays.c,140 :: 		}
0x0053	0x22      	RET
; end of _Delay_50us
_Delay_5500us:
;__Lib_Delays.c,213 :: 		void Delay_5500us() {
;__Lib_Delays.c,214 :: 		Delay_us(5500);
0x0054	0x7E0A    	MOV R6, 10
0x0056	0x7FDB    	MOV R7, 219
0x0058	0xDFFE    	DJNZ R7, PC-2
0x005A	0xDEFC    	DJNZ R6, PC-4
0x005C	0x00      	NOP
;__Lib_Delays.c,215 :: 		}
0x005D	0x22      	RET
; end of _Delay_5500us
_Delay_1us:
;__Lib_Delays.c,63 :: 		void Delay_1us() {
;__Lib_Delays.c,64 :: 		Delay_us(1);
0x005E	0x00      	NOP
;__Lib_Delays.c,65 :: 		}
0x005F	0x22      	RET
; end of _Delay_1us
_Lcd_Cmd:
;__Lib_Lcd.c,13 :: 		
;__Lib_Lcd.c,14 :: 		
0x0060	0xE516    	MOV A, FARG_Lcd_Cmd_out_char
0x0062	0x5480    	ANL A, #128
0x0064	0xF8      	MOV R0, A
0x0065	0x630080  	XRL R0, #128
0x0068	0xE8      	MOV A, R0
0x0069	0x6004    	JZ L__Lcd_Cmd24
0x006B	0x7800    	MOV R0, #0
0x006D	0x8002    	SJMP L__Lcd_Cmd25
L__Lcd_Cmd24:
0x006F	0x7801    	MOV R0, #1
L__Lcd_Cmd25:
0x0071	0xE8      	MOV A, R0
0x0072	0x13      	RRC A
0x0073	0x92A7    	MOV LCD_D7, C
;__Lib_Lcd.c,15 :: 		
0x0075	0xE516    	MOV A, FARG_Lcd_Cmd_out_char
0x0077	0x5440    	ANL A, #64
0x0079	0xF8      	MOV R0, A
0x007A	0x630040  	XRL R0, #64
0x007D	0xE8      	MOV A, R0
0x007E	0x6004    	JZ L__Lcd_Cmd26
0x0080	0x7800    	MOV R0, #0
0x0082	0x8002    	SJMP L__Lcd_Cmd27
L__Lcd_Cmd26:
0x0084	0x7801    	MOV R0, #1
L__Lcd_Cmd27:
0x0086	0xE8      	MOV A, R0
0x0087	0x13      	RRC A
0x0088	0x92A6    	MOV LCD_D6, C
;__Lib_Lcd.c,16 :: 		
0x008A	0xE516    	MOV A, FARG_Lcd_Cmd_out_char
0x008C	0x5420    	ANL A, #32
0x008E	0xF8      	MOV R0, A
0x008F	0x630020  	XRL R0, #32
0x0092	0xE8      	MOV A, R0
0x0093	0x6004    	JZ L__Lcd_Cmd28
0x0095	0x7800    	MOV R0, #0
0x0097	0x8002    	SJMP L__Lcd_Cmd29
L__Lcd_Cmd28:
0x0099	0x7801    	MOV R0, #1
L__Lcd_Cmd29:
0x009B	0xE8      	MOV A, R0
0x009C	0x13      	RRC A
0x009D	0x92A5    	MOV LCD_D5, C
;__Lib_Lcd.c,17 :: 		
0x009F	0xE516    	MOV A, FARG_Lcd_Cmd_out_char
0x00A1	0x5410    	ANL A, #16
0x00A3	0xF8      	MOV R0, A
0x00A4	0x630010  	XRL R0, #16
0x00A7	0xE8      	MOV A, R0
0x00A8	0x6004    	JZ L__Lcd_Cmd30
0x00AA	0x7800    	MOV R0, #0
0x00AC	0x8002    	SJMP L__Lcd_Cmd31
L__Lcd_Cmd30:
0x00AE	0x7801    	MOV R0, #1
L__Lcd_Cmd31:
0x00B0	0xE8      	MOV A, R0
0x00B1	0x13      	RRC A
0x00B2	0x92A4    	MOV LCD_D4, C
;__Lib_Lcd.c,19 :: 		
0x00B4	0xE50C    	MOV A, _cmd_status
0x00B6	0x6004    	JZ L_Lcd_Cmd0
0x00B8	0x7800    	MOV R0, #0
0x00BA	0x8002    	SJMP L_Lcd_Cmd1
L_Lcd_Cmd0:
0x00BC	0x7801    	MOV R0, #1
L_Lcd_Cmd1:
0x00BE	0xE8      	MOV A, R0
0x00BF	0x13      	RRC A
0x00C0	0x92B6    	MOV LCD_RS, C
;__Lib_Lcd.c,21 :: 		
0x00C2	0xD2B7    	SETB LCD_EN
;__Lib_Lcd.c,22 :: 		
0x00C4	0x115E    	ACALL _Delay_1us
;__Lib_Lcd.c,23 :: 		
0x00C6	0xC2B7    	CLR LCD_EN
;__Lib_Lcd.c,25 :: 		
0x00C8	0xE516    	MOV A, FARG_Lcd_Cmd_out_char
0x00CA	0x5408    	ANL A, #8
0x00CC	0xF8      	MOV R0, A
0x00CD	0x630008  	XRL R0, #8
0x00D0	0xE8      	MOV A, R0
0x00D1	0x6004    	JZ L__Lcd_Cmd32
0x00D3	0x7800    	MOV R0, #0
0x00D5	0x8002    	SJMP L__Lcd_Cmd33
L__Lcd_Cmd32:
0x00D7	0x7801    	MOV R0, #1
L__Lcd_Cmd33:
0x00D9	0xE8      	MOV A, R0
0x00DA	0x13      	RRC A
0x00DB	0x92A7    	MOV LCD_D7, C
;__Lib_Lcd.c,26 :: 		
0x00DD	0xE516    	MOV A, FARG_Lcd_Cmd_out_char
0x00DF	0x5404    	ANL A, #4
0x00E1	0xF8      	MOV R0, A
0x00E2	0x630004  	XRL R0, #4
0x00E5	0xE8      	MOV A, R0
0x00E6	0x6004    	JZ L__Lcd_Cmd34
0x00E8	0x7800    	MOV R0, #0
0x00EA	0x8002    	SJMP L__Lcd_Cmd35
L__Lcd_Cmd34:
0x00EC	0x7801    	MOV R0, #1
L__Lcd_Cmd35:
0x00EE	0xE8      	MOV A, R0
0x00EF	0x13      	RRC A
0x00F0	0x92A6    	MOV LCD_D6, C
;__Lib_Lcd.c,27 :: 		
0x00F2	0xE516    	MOV A, FARG_Lcd_Cmd_out_char
0x00F4	0x5402    	ANL A, #2
0x00F6	0xF8      	MOV R0, A
0x00F7	0x630002  	XRL R0, #2
0x00FA	0xE8      	MOV A, R0
0x00FB	0x6004    	JZ L__Lcd_Cmd36
0x00FD	0x7800    	MOV R0, #0
0x00FF	0x8002    	SJMP L__Lcd_Cmd37
L__Lcd_Cmd36:
0x0101	0x7801    	MOV R0, #1
L__Lcd_Cmd37:
0x0103	0xE8      	MOV A, R0
0x0104	0x13      	RRC A
0x0105	0x92A5    	MOV LCD_D5, C
;__Lib_Lcd.c,28 :: 		
0x0107	0xE516    	MOV A, FARG_Lcd_Cmd_out_char
0x0109	0x5401    	ANL A, #1
0x010B	0xF8      	MOV R0, A
0x010C	0x630001  	XRL R0, #1
0x010F	0xE8      	MOV A, R0
0x0110	0x6004    	JZ L__Lcd_Cmd38
0x0112	0x7800    	MOV R0, #0
0x0114	0x8002    	SJMP L__Lcd_Cmd39
L__Lcd_Cmd38:
0x0116	0x7801    	MOV R0, #1
L__Lcd_Cmd39:
0x0118	0xE8      	MOV A, R0
0x0119	0x13      	RRC A
0x011A	0x92A4    	MOV LCD_D4, C
;__Lib_Lcd.c,30 :: 		
0x011C	0xE50C    	MOV A, _cmd_status
0x011E	0x6004    	JZ L_Lcd_Cmd2
0x0120	0x7800    	MOV R0, #0
0x0122	0x8002    	SJMP L_Lcd_Cmd3
L_Lcd_Cmd2:
0x0124	0x7801    	MOV R0, #1
L_Lcd_Cmd3:
0x0126	0xE8      	MOV A, R0
0x0127	0x13      	RRC A
0x0128	0x92B6    	MOV LCD_RS, C
;__Lib_Lcd.c,32 :: 		
0x012A	0xD2B7    	SETB LCD_EN
;__Lib_Lcd.c,33 :: 		
0x012C	0x115E    	ACALL _Delay_1us
;__Lib_Lcd.c,34 :: 		
0x012E	0xC2B7    	CLR LCD_EN
;__Lib_Lcd.c,36 :: 		
0x0130	0xE50C    	MOV A, _cmd_status
0x0132	0x6004    	JZ L_Lcd_Cmd4
;__Lib_Lcd.c,37 :: 		
0x0134	0x1154    	ACALL _Delay_5500us
0x0136	0x8002    	SJMP L_Lcd_Cmd5
L_Lcd_Cmd4:
;__Lib_Lcd.c,39 :: 		
0x0138	0x114E    	ACALL _Delay_50us
L_Lcd_Cmd5:
;__Lib_Lcd.c,40 :: 		
0x013A	0x22      	RET
; end of _Lcd_Cmd
_Lcd_Chr_CP:
;__Lib_Lcd.c,42 :: 		
;__Lib_Lcd.c,44 :: 		
0x013B	0x750C00  	MOV _cmd_status, #0
;__Lib_Lcd.c,45 :: 		
0x013E	0x851416  	MOV FARG_Lcd_Cmd_out_char, FARG_Lcd_Chr_CP_out_char+0
0x0141	0x1160    	ACALL _Lcd_Cmd
;__Lib_Lcd.c,46 :: 		
0x0143	0x750C01  	MOV _cmd_status, #1
;__Lib_Lcd.c,47 :: 		
0x0146	0x22      	RET
; end of _Lcd_Chr_CP
_strlen:
;__Lib_CString.c,138 :: 		
;__Lib_CString.c,141 :: 		
0x0147	0x851415  	MOV strlen_cp_L0, FARG_strlen_s+0
;__Lib_CString.c,142 :: 		
L_strlen36:
0x014A	0xA815    	MOV R0, strlen_cp_L0
0x014C	0x0515    	INC strlen_cp_L0
0x014E	0xE6      	MOV A, @R0
0x014F	0x6002    	JZ L_strlen37
;__Lib_CString.c,143 :: 		
0x0151	0x80F7    	SJMP L_strlen36
L_strlen37:
;__Lib_CString.c,144 :: 		
0x0153	0xC3      	CLR C
0x0154	0xE515    	MOV A, strlen_cp_L0
0x0156	0x9514    	SUBB A, FARG_strlen_s
0x0158	0xF8      	MOV R0, A
0x0159	0xC3      	CLR C
0x015A	0xE8      	MOV A, R0
0x015B	0x9401    	SUBB A, #1
0x015D	0xF8      	MOV R0, A
0x015E	0xE4      	CLR A
0x015F	0x9400    	SUBB A, #0
0x0161	0xF9      	MOV R1, A
;__Lib_CString.c,145 :: 		
0x0162	0x22      	RET
; end of _strlen
_LCD_Out:
;__Lib_Lcd.c,176 :: 		
;__Lib_Lcd.c,179 :: 		
0x0163	0x8019    	SJMP L_LCD_Out15
;__Lib_Lcd.c,180 :: 		
L_LCD_Out17:
0x0165	0x750F80  	MOV FARG_LCD_Out_row, #128
0x0168	0x802E    	SJMP L_LCD_Out16
;__Lib_Lcd.c,181 :: 		
L_LCD_Out18:
0x016A	0x750FC0  	MOV FARG_LCD_Out_row, #192
0x016D	0x8029    	SJMP L_LCD_Out16
;__Lib_Lcd.c,182 :: 		
L_LCD_Out19:
0x016F	0x750F94  	MOV FARG_LCD_Out_row, #148
0x0172	0x8024    	SJMP L_LCD_Out16
;__Lib_Lcd.c,183 :: 		
L_LCD_Out20:
0x0174	0x750FD4  	MOV FARG_LCD_Out_row, #212
0x0177	0x801F    	SJMP L_LCD_Out16
;__Lib_Lcd.c,184 :: 		
L_LCD_Out21:
0x0179	0x750F80  	MOV FARG_LCD_Out_row, #128
;__Lib_Lcd.c,185 :: 		
0x017C	0x801A    	SJMP L_LCD_Out16
L_LCD_Out15:
0x017E	0xE50F    	MOV A, FARG_LCD_Out_row
0x0180	0x6401    	XRL A, #1
0x0182	0x60E1    	JZ L_LCD_Out17
0x0184	0xE50F    	MOV A, FARG_LCD_Out_row
0x0186	0x6402    	XRL A, #2
0x0188	0x60E0    	JZ L_LCD_Out18
0x018A	0xE50F    	MOV A, FARG_LCD_Out_row
0x018C	0x6403    	XRL A, #3
0x018E	0x60DF    	JZ L_LCD_Out19
0x0190	0xE50F    	MOV A, FARG_LCD_Out_row
0x0192	0x6404    	XRL A, #4
0x0194	0x60DE    	JZ L_LCD_Out20
0x0196	0x80E1    	SJMP L_LCD_Out21
L_LCD_Out16:
;__Lib_Lcd.c,186 :: 		
0x0198	0xC3      	CLR C
0x0199	0xE510    	MOV A, FARG_LCD_Out_column
0x019B	0x9401    	SUBB A, #1
0x019D	0xF8      	MOV R0, A
0x019E	0xE50F    	MOV A, FARG_LCD_Out_row
0x01A0	0x28      	ADD A, R0
0x01A1	0xF8      	MOV R0, A
0x01A2	0x85000F  	MOV FARG_LCD_Out_row, 0
;__Lib_Lcd.c,188 :: 		
0x01A5	0x850016  	MOV FARG_Lcd_Cmd_out_char, 0
0x01A8	0x1160    	ACALL _Lcd_Cmd
;__Lib_Lcd.c,189 :: 		
0x01AA	0x750C00  	MOV _cmd_status, #0
;__Lib_Lcd.c,190 :: 		
0x01AD	0x751200  	MOV LCD_Out_i_L0, #0
;__Lib_Lcd.c,191 :: 		
L_LCD_Out22:
0x01B0	0xE511    	MOV A, FARG_LCD_Out_text
0x01B2	0x2512    	ADD A, LCD_Out_i_L0
0x01B4	0xF8      	MOV R0, A
0x01B5	0xE6      	MOV A, @R0
0x01B6	0x600D    	JZ L_LCD_Out23
;__Lib_Lcd.c,192 :: 		
0x01B8	0xE511    	MOV A, FARG_LCD_Out_text
0x01BA	0x2512    	ADD A, LCD_Out_i_L0
0x01BC	0xF8      	MOV R0, A
0x01BD	0x8614    	MOV FARG_Lcd_Chr_CP_out_char, @R0
0x01BF	0x313B    	ACALL _Lcd_Chr_CP
0x01C1	0x0512    	INC LCD_Out_i_L0
0x01C3	0x80EB    	SJMP L_LCD_Out22
L_LCD_Out23:
;__Lib_Lcd.c,193 :: 		
0x01C5	0x750C01  	MOV _cmd_status, #1
;__Lib_Lcd.c,194 :: 		
0x01C8	0x22      	RET
; end of _LCD_Out
_Lcd_Init:
;__Lib_Lcd.c,76 :: 		
;__Lib_Lcd.c,78 :: 		
0x01C9	0xC2B7    	CLR LCD_EN
;__Lib_Lcd.c,80 :: 		
0x01CB	0xC2B6    	CLR LCD_RS
;__Lib_Lcd.c,83 :: 		
0x01CD	0x1154    	ACALL _Delay_5500us
;__Lib_Lcd.c,84 :: 		
0x01CF	0x1154    	ACALL _Delay_5500us
;__Lib_Lcd.c,85 :: 		
0x01D1	0x1154    	ACALL _Delay_5500us
;__Lib_Lcd.c,87 :: 		
0x01D3	0xC2A7    	CLR LCD_D7
;__Lib_Lcd.c,88 :: 		
0x01D5	0xC2A6    	CLR LCD_D6
;__Lib_Lcd.c,89 :: 		
0x01D7	0xC2A5    	CLR LCD_D5
;__Lib_Lcd.c,90 :: 		
0x01D9	0xC2A4    	CLR LCD_D4
;__Lib_Lcd.c,93 :: 		
0x01DB	0xD2A5    	SETB LCD_D5
;__Lib_Lcd.c,94 :: 		
0x01DD	0xD2A4    	SETB LCD_D4
;__Lib_Lcd.c,95 :: 		
0x01DF	0xD2B7    	SETB LCD_EN
;__Lib_Lcd.c,96 :: 		
0x01E1	0x115E    	ACALL _Delay_1us
;__Lib_Lcd.c,97 :: 		
0x01E3	0xC2B7    	CLR LCD_EN
;__Lib_Lcd.c,98 :: 		
0x01E5	0x1154    	ACALL _Delay_5500us
;__Lib_Lcd.c,100 :: 		
0x01E7	0xD2B7    	SETB LCD_EN
;__Lib_Lcd.c,101 :: 		
0x01E9	0x115E    	ACALL _Delay_1us
;__Lib_Lcd.c,102 :: 		
0x01EB	0xC2B7    	CLR LCD_EN
;__Lib_Lcd.c,103 :: 		
0x01ED	0x1154    	ACALL _Delay_5500us
;__Lib_Lcd.c,105 :: 		
0x01EF	0xD2B7    	SETB LCD_EN
;__Lib_Lcd.c,106 :: 		
0x01F1	0x115E    	ACALL _Delay_1us
;__Lib_Lcd.c,107 :: 		
0x01F3	0xC2B7    	CLR LCD_EN
;__Lib_Lcd.c,108 :: 		
0x01F5	0x1154    	ACALL _Delay_5500us
;__Lib_Lcd.c,111 :: 		
0x01F7	0xD2A5    	SETB LCD_D5
;__Lib_Lcd.c,112 :: 		
0x01F9	0xC2A4    	CLR LCD_D4
;__Lib_Lcd.c,113 :: 		
0x01FB	0xD2B7    	SETB LCD_EN
;__Lib_Lcd.c,114 :: 		
0x01FD	0x115E    	ACALL _Delay_1us
;__Lib_Lcd.c,115 :: 		
0x01FF	0xC2B7    	CLR LCD_EN
;__Lib_Lcd.c,116 :: 		
0x0201	0x1154    	ACALL _Delay_5500us
;__Lib_Lcd.c,119 :: 		
0x0203	0xC2A7    	CLR LCD_D7
;__Lib_Lcd.c,120 :: 		
0x0205	0xC2A6    	CLR LCD_D6
;__Lib_Lcd.c,121 :: 		
0x0207	0xC2A5    	CLR LCD_D5
;__Lib_Lcd.c,122 :: 		
0x0209	0xD2A5    	SETB LCD_D5
;__Lib_Lcd.c,123 :: 		
0x020B	0xC2A4    	CLR LCD_D4
;__Lib_Lcd.c,124 :: 		
0x020D	0xD2B7    	SETB LCD_EN
;__Lib_Lcd.c,125 :: 		
0x020F	0x115E    	ACALL _Delay_1us
;__Lib_Lcd.c,126 :: 		
0x0211	0xC2B7    	CLR LCD_EN
;__Lib_Lcd.c,127 :: 		
0x0213	0xC2A5    	CLR LCD_D5
;__Lib_Lcd.c,128 :: 		
0x0215	0xD2A7    	SETB LCD_D7
;__Lib_Lcd.c,129 :: 		
0x0217	0xD2B7    	SETB LCD_EN
;__Lib_Lcd.c,130 :: 		
0x0219	0x115E    	ACALL _Delay_1us
;__Lib_Lcd.c,131 :: 		
0x021B	0xC2B7    	CLR LCD_EN
;__Lib_Lcd.c,132 :: 		
0x021D	0x1154    	ACALL _Delay_5500us
;__Lib_Lcd.c,135 :: 		
0x021F	0xC2A7    	CLR LCD_D7
;__Lib_Lcd.c,136 :: 		
0x0221	0xD2A4    	SETB LCD_D4
;__Lib_Lcd.c,137 :: 		
0x0223	0xD2B7    	SETB LCD_EN
;__Lib_Lcd.c,138 :: 		
0x0225	0x115E    	ACALL _Delay_1us
;__Lib_Lcd.c,139 :: 		
0x0227	0xC2B7    	CLR LCD_EN
;__Lib_Lcd.c,140 :: 		
0x0229	0xC2A4    	CLR LCD_D4
;__Lib_Lcd.c,141 :: 		
0x022B	0xD2B7    	SETB LCD_EN
;__Lib_Lcd.c,142 :: 		
0x022D	0x115E    	ACALL _Delay_1us
;__Lib_Lcd.c,143 :: 		
0x022F	0xC2B7    	CLR LCD_EN
;__Lib_Lcd.c,144 :: 		
0x0231	0x1154    	ACALL _Delay_5500us
;__Lib_Lcd.c,147 :: 		
0x0233	0xC2A4    	CLR LCD_D4
;__Lib_Lcd.c,148 :: 		
0x0235	0xD2B7    	SETB LCD_EN
;__Lib_Lcd.c,149 :: 		
0x0237	0x115E    	ACALL _Delay_1us
;__Lib_Lcd.c,150 :: 		
0x0239	0xC2B7    	CLR LCD_EN
;__Lib_Lcd.c,151 :: 		
0x023B	0xD2A4    	SETB LCD_D4
;__Lib_Lcd.c,152 :: 		
0x023D	0xD2B7    	SETB LCD_EN
;__Lib_Lcd.c,153 :: 		
0x023F	0x115E    	ACALL _Delay_1us
;__Lib_Lcd.c,154 :: 		
0x0241	0xC2B7    	CLR LCD_EN
;__Lib_Lcd.c,155 :: 		
0x0243	0x1154    	ACALL _Delay_5500us
;__Lib_Lcd.c,158 :: 		
0x0245	0xC2A4    	CLR LCD_D4
;__Lib_Lcd.c,159 :: 		
0x0247	0xD2B7    	SETB LCD_EN
;__Lib_Lcd.c,160 :: 		
0x0249	0x115E    	ACALL _Delay_1us
;__Lib_Lcd.c,161 :: 		
0x024B	0xC2B7    	CLR LCD_EN
;__Lib_Lcd.c,163 :: 		
0x024D	0xD2A7    	SETB LCD_D7
;__Lib_Lcd.c,164 :: 		
0x024F	0xD2A6    	SETB LCD_D6
;__Lib_Lcd.c,165 :: 		
0x0251	0xD2A5    	SETB LCD_D5
;__Lib_Lcd.c,166 :: 		
0x0253	0xD2A4    	SETB LCD_D4
;__Lib_Lcd.c,167 :: 		
0x0255	0xD2B7    	SETB LCD_EN
;__Lib_Lcd.c,168 :: 		
0x0257	0x115E    	ACALL _Delay_1us
;__Lib_Lcd.c,169 :: 		
0x0259	0xC2B7    	CLR LCD_EN
;__Lib_Lcd.c,171 :: 		
0x025B	0x1154    	ACALL _Delay_5500us
;__Lib_Lcd.c,173 :: 		
0x025D	0x750C01  	MOV _cmd_status, #1
;__Lib_Lcd.c,174 :: 		
0x0260	0x22      	RET
; end of _Lcd_Init
_strcmp:
;__Lib_CString.c,117 :: 		
;__Lib_CString.c,119 :: 		
L_strcmp30:
0x0261	0xA80F    	MOV R0, FARG_strcmp_s1
0x0263	0xE6      	MOV A, @R0
0x0264	0x6012    	JZ L_strcmp31
0x0266	0xA80F    	MOV R0, FARG_strcmp_s1
0x0268	0x8602    	MOV R2, @R0
0x026A	0xA810    	MOV R0, FARG_strcmp_s2
0x026C	0x8601    	MOV R1, @R0
0x026E	0xEA      	MOV A, R2
0x026F	0x69      	XRL A, R1
0x0270	0x7006    	JNZ L_strcmp31
L__strcmp81:
;__Lib_CString.c,120 :: 		
0x0272	0x050F    	INC FARG_strcmp_s1
0x0274	0x0510    	INC FARG_strcmp_s2
0x0276	0x80E9    	SJMP L_strcmp30
L_strcmp31:
;__Lib_CString.c,122 :: 		
0x0278	0xA80F    	MOV R0, FARG_strcmp_s1
0x027A	0xA910    	MOV R1, FARG_strcmp_s2
0x027C	0xC3      	CLR C
0x027D	0xE6      	MOV A, @R0
0x027E	0x97      	SUBB A, @R1
0x027F	0xF8      	MOV R0, A
0x0280	0xE4      	CLR A
0x0281	0x9400    	SUBB A, #0
0x0283	0xF9      	MOV R1, A
;__Lib_CString.c,123 :: 		
0x0284	0x22      	RET
; end of _strcmp
___CC2D:
;__Lib_System.c,13 :: 		
;__Lib_System.c,15 :: 		
_CC2D_Loop1:
;__Lib_System.c,16 :: 		
0x0285	0xE4      	CLR A
;__Lib_System.c,17 :: 		
0x0286	0x93      	MOVC A, @A+DPTR
;__Lib_System.c,18 :: 		
0x0287	0xF6      	MOV @R0, A
;__Lib_System.c,19 :: 		
0x0288	0x08      	INC R0
;__Lib_System.c,20 :: 		
0x0289	0xA3      	INC DPTR
;__Lib_System.c,21 :: 		
0x028A	0xD9F9    	DJNZ R1, _CC2D_Loop1
;__Lib_System.c,23 :: 		
0x028C	0x22      	RET
; end of ___CC2D
_strAddChar:
;prototipo1.c,24 :: 		char *strAddChar(char *s1, char c){    //funcao pra adicionar chars em strings
;prototipo1.c,26 :: 		s = s1;
0x028D	0x850F11  	MOV strAddChar_s_L0, FARG_strAddChar_s1+0
;prototipo1.c,27 :: 		s = s + strlen(s1);
0x0290	0x850F14  	MOV FARG_strlen_s, FARG_strAddChar_s1+0
0x0293	0x3147    	ACALL _strlen
0x0295	0x850012  	MOV FLOC__strAddChar, 0
0x0298	0x850113  	MOV FLOC__strAddChar+1, 1
0x029B	0xE511    	MOV A, strAddChar_s_L0
0x029D	0x2512    	ADD A, FLOC__strAddChar
0x029F	0xF8      	MOV R0, A
0x02A0	0x850011  	MOV strAddChar_s_L0, 0
;prototipo1.c,28 :: 		*s = c;
0x02A3	0xA610    	MOV @R0, FARG_strAddChar_c
;prototipo1.c,29 :: 		s++;
0x02A5	0x0511    	INC strAddChar_s_L0
;prototipo1.c,30 :: 		*s = 0;
0x02A7	0xA811    	MOV R0, strAddChar_s_L0
0x02A9	0x7600    	MOV @R0, #0
;prototipo1.c,31 :: 		return(s1);                            //fim da funcao pra adicionar chars
0x02AB	0xA80F    	MOV R0, FARG_strAddChar_s1
;prototipo1.c,32 :: 		}
0x02AD	0x22      	RET
; end of _strAddChar
_main:
0x02AE	0x758180  	MOV SP, #128
0x02B1	0x1204B7  	LCALL 1207
;prototipo1.c,35 :: 		void main() {
;prototipo1.c,36 :: 		Lcd_Init(); // Inicializa Lcd
0x02B4	0x31C9    	ACALL _Lcd_Init
;prototipo1.c,38 :: 		Lcd_Cmd(_LCD_CLEAR);       //limpa LCD
0x02B6	0x751601  	MOV FARG_Lcd_Cmd_out_char, #1
0x02B9	0x1160    	ACALL _Lcd_Cmd
;prototipo1.c,39 :: 		Lcd_Cmd(_LCD_CURSOR_OFF);  //nao mostra mais o cursos no LCD
0x02BB	0x75160C  	MOV FARG_Lcd_Cmd_out_char, #12
0x02BE	0x1160    	ACALL _Lcd_Cmd
;prototipo1.c,45 :: 		for(;;){                     //inicia loop infinito
L_main0:
;prototipo1.c,46 :: 		Lcd_Cmd(_LCD_CLEAR);
0x02C0	0x751601  	MOV FARG_Lcd_Cmd_out_char, #1
0x02C3	0x1160    	ACALL _Lcd_Cmd
;prototipo1.c,47 :: 		Lcd_Out(1,1,txt3);          //escreve txt1 na primeira linha do LCD
0x02C5	0x750F01  	MOV FARG_LCD_Out_row, #1
0x02C8	0x751001  	MOV FARG_LCD_Out_column, #1
0x02CB	0x751145  	MOV FARG_LCD_Out_text, #_txt3+0
0x02CE	0x3163    	ACALL _LCD_Out
;prototipo1.c,48 :: 		Lcd_Out(2,1,txt2);          //escreve txt2 na segunda linha do LCD
0x02D0	0x750F02  	MOV FARG_LCD_Out_row, #2
0x02D3	0x751001  	MOV FARG_LCD_Out_column, #1
0x02D6	0x751151  	MOV FARG_LCD_Out_text, #_txt2+0
0x02D9	0x3163    	ACALL _LCD_Out
;prototipo1.c,49 :: 		while(tamanho<4) {             //verifica valor de tamanho. - Samuel Esse tava indo até 5
L_main3:
0x02DB	0xC3      	CLR C
0x02DC	0xE530    	MOV A, _tamanho
0x02DE	0x9404    	SUBB A, #4
0x02E0	0x7400    	MOV A, #0
0x02E2	0x6480    	XRL A, #128
0x02E4	0xF8      	MOV R0, A
0x02E5	0xE531    	MOV A, _tamanho+1
0x02E7	0x6480    	XRL A, #128
0x02E9	0x98      	SUBB A, R0
0x02EA	0x4002    	JC #2
0x02EC	0x618C    	AJMP L_main4
;prototipo1.c,50 :: 		if(!P1_0_bit){
0x02EE	0x209024  	JB P1_0_bit, L_main5
;prototipo1.c,51 :: 		botao1='1';              //secao que recebe a entrada
0x02F1	0x750831  	MOV _botao1, #49
;prototipo1.c,52 :: 		strAddChar(senhaRecebida, botao1);  //e adiciona elas na string
0x02F4	0x750F44  	MOV FARG_strAddChar_s1, #_senhaRecebida+0
0x02F7	0x751031  	MOV FARG_strAddChar_c, #49
0x02FA	0x518D    	ACALL _strAddChar
;prototipo1.c,53 :: 		tamanho=tamanho+1;                //indefinida senhaRecebida
0x02FC	0x7401    	MOV A, #1
0x02FE	0x2530    	ADD A, _tamanho
0x0300	0xF530    	MOV _tamanho, A
0x0302	0x7400    	MOV A, #0
0x0304	0x3531    	ADDC A, _tamanho+1
0x0306	0xF531    	MOV _tamanho+1, A
;prototipo1.c,54 :: 		while(!P1_0_bit){Delay_ms(50);}   //Samuel - Coloquei para dar o tempo do botão
L_main6:
0x0308	0x20900A  	JB P1_0_bit, L_main7
0x030B	0x7E5A    	MOV R6, 90
0x030D	0x7FA5    	MOV R7, 165
0x030F	0xDFFE    	DJNZ R7, PC-2
0x0311	0xDEFC    	DJNZ R6, PC-4
0x0313	0x80F3    	SJMP L_main6
L_main7:
;prototipo1.c,55 :: 		}
L_main5:
;prototipo1.c,56 :: 		if(!P1_1_bit){
0x0315	0x209124  	JB P1_1_bit, L_main8
;prototipo1.c,57 :: 		botao2='2';
0x0318	0x750932  	MOV _botao2, #50
;prototipo1.c,58 :: 		strAddChar(senhaRecebida, botao2) ;
0x031B	0x750F44  	MOV FARG_strAddChar_s1, #_senhaRecebida+0
0x031E	0x751032  	MOV FARG_strAddChar_c, #50
0x0321	0x518D    	ACALL _strAddChar
;prototipo1.c,59 :: 		tamanho=tamanho+1;
0x0323	0x7401    	MOV A, #1
0x0325	0x2530    	ADD A, _tamanho
0x0327	0xF530    	MOV _tamanho, A
0x0329	0x7400    	MOV A, #0
0x032B	0x3531    	ADDC A, _tamanho+1
0x032D	0xF531    	MOV _tamanho+1, A
;prototipo1.c,60 :: 		while(!P1_1_bit){Delay_ms(50);}
L_main9:
0x032F	0x20910A  	JB P1_1_bit, L_main10
0x0332	0x7E5A    	MOV R6, 90
0x0334	0x7FA5    	MOV R7, 165
0x0336	0xDFFE    	DJNZ R7, PC-2
0x0338	0xDEFC    	DJNZ R6, PC-4
0x033A	0x80F3    	SJMP L_main9
L_main10:
;prototipo1.c,61 :: 		}
L_main8:
;prototipo1.c,62 :: 		if(!P1_2_bit){
0x033C	0x209224  	JB P1_2_bit, L_main11
;prototipo1.c,63 :: 		botao3='3';
0x033F	0x750D33  	MOV _botao3, #51
;prototipo1.c,64 :: 		strAddChar(senhaRecebida, botao3);
0x0342	0x750F44  	MOV FARG_strAddChar_s1, #_senhaRecebida+0
0x0345	0x751033  	MOV FARG_strAddChar_c, #51
0x0348	0x518D    	ACALL _strAddChar
;prototipo1.c,65 :: 		tamanho=tamanho+1;
0x034A	0x7401    	MOV A, #1
0x034C	0x2530    	ADD A, _tamanho
0x034E	0xF530    	MOV _tamanho, A
0x0350	0x7400    	MOV A, #0
0x0352	0x3531    	ADDC A, _tamanho+1
0x0354	0xF531    	MOV _tamanho+1, A
;prototipo1.c,66 :: 		while(!P1_2_bit){Delay_ms(50);}
L_main12:
0x0356	0x20920A  	JB P1_2_bit, L_main13
0x0359	0x7E5A    	MOV R6, 90
0x035B	0x7FA5    	MOV R7, 165
0x035D	0xDFFE    	DJNZ R7, PC-2
0x035F	0xDEFC    	DJNZ R6, PC-4
0x0361	0x80F3    	SJMP L_main12
L_main13:
;prototipo1.c,67 :: 		}
L_main11:
;prototipo1.c,68 :: 		if(!P1_3_bit){
0x0363	0x209324  	JB P1_3_bit, L_main14
;prototipo1.c,69 :: 		botao4='4';
0x0366	0x750E34  	MOV _botao4, #52
;prototipo1.c,70 :: 		strAddChar(senhaRecebida, botao4);
0x0369	0x750F44  	MOV FARG_strAddChar_s1, #_senhaRecebida+0
0x036C	0x751034  	MOV FARG_strAddChar_c, #52
0x036F	0x518D    	ACALL _strAddChar
;prototipo1.c,71 :: 		tamanho=tamanho+1;
0x0371	0x7401    	MOV A, #1
0x0373	0x2530    	ADD A, _tamanho
0x0375	0xF530    	MOV _tamanho, A
0x0377	0x7400    	MOV A, #0
0x0379	0x3531    	ADDC A, _tamanho+1
0x037B	0xF531    	MOV _tamanho+1, A
;prototipo1.c,72 :: 		while(!P1_3_bit){Delay_ms(50);}
L_main15:
0x037D	0x20930A  	JB P1_3_bit, L_main16
0x0380	0x7E5A    	MOV R6, 90
0x0382	0x7FA5    	MOV R7, 165
0x0384	0xDFFE    	DJNZ R7, PC-2
0x0386	0xDEFC    	DJNZ R6, PC-4
0x0388	0x80F3    	SJMP L_main15
L_main16:
;prototipo1.c,73 :: 		}
L_main14:
;prototipo1.c,74 :: 		}
0x038A	0x41DB    	AJMP L_main3
L_main4:
;prototipo1.c,76 :: 		if (strcmp(senhaPadrao,senhaRecebida)==0){
0x038C	0x750F3F  	MOV FARG_strcmp_s1, #_senhaPadrao+0
0x038F	0x751044  	MOV FARG_strcmp_s2, #_senhaRecebida+0
0x0392	0x5161    	ACALL _strcmp
0x0394	0xE8      	MOV A, R0
0x0395	0x49      	ORL A, R1
0x0396	0x706E    	JNZ L_main17
;prototipo1.c,77 :: 		for(i=0;i<=5;i++){
0x0398	0x750A00  	MOV _i, #0
0x039B	0x750B00  	MOV _i+1, #0
L_main18:
0x039E	0xD3      	SETB C
0x039F	0xE50A    	MOV A, _i
0x03A1	0x9405    	SUBB A, #5
0x03A3	0x7400    	MOV A, #0
0x03A5	0x6480    	XRL A, #128
0x03A7	0xF8      	MOV R0, A
0x03A8	0xE50B    	MOV A, _i+1
0x03AA	0x6480    	XRL A, #128
0x03AC	0x98      	SUBB A, R0
0x03AD	0x5055    	JNC L_main19
;prototipo1.c,78 :: 		Lcd_Cmd(_LCD_CLEAR);
0x03AF	0x751601  	MOV FARG_Lcd_Cmd_out_char, #1
0x03B2	0x1160    	ACALL _Lcd_Cmd
;prototipo1.c,79 :: 		Delay_ms(500);
0x03B4	0x7D04    	MOV R5, 4
0x03B6	0x7E81    	MOV R6, 129
0x03B8	0x7F79    	MOV R7, 121
0x03BA	0xDFFE    	DJNZ R7, PC-2
0x03BC	0xDEFC    	DJNZ R6, PC-4
0x03BE	0xDDFA    	DJNZ R5, PC-6
0x03C0	0x00      	NOP
;prototipo1.c,80 :: 		Lcd_Out(1,1,txt2);        //senha incorreta
0x03C1	0x750F01  	MOV FARG_LCD_Out_row, #1
0x03C4	0x751001  	MOV FARG_LCD_Out_column, #1
0x03C7	0x751151  	MOV FARG_LCD_Out_text, #_txt2+0
0x03CA	0x3163    	ACALL _LCD_Out
;prototipo1.c,81 :: 		Lcd_Out(2,1,senhaRecebida);
0x03CC	0x750F02  	MOV FARG_LCD_Out_row, #2
0x03CF	0x751001  	MOV FARG_LCD_Out_column, #1
0x03D2	0x751144  	MOV FARG_LCD_Out_text, #_senhaRecebida+0
0x03D5	0x3163    	ACALL _LCD_Out
;prototipo1.c,82 :: 		Delay_ms(500);
0x03D7	0x7D04    	MOV R5, 4
0x03D9	0x7E81    	MOV R6, 129
0x03DB	0x7F79    	MOV R7, 121
0x03DD	0xDFFE    	DJNZ R7, PC-2
0x03DF	0xDEFC    	DJNZ R6, PC-4
0x03E1	0xDDFA    	DJNZ R5, PC-6
0x03E3	0x00      	NOP
;prototipo1.c,83 :: 		Lcd_Cmd(_LCD_CLEAR);
0x03E4	0x751601  	MOV FARG_Lcd_Cmd_out_char, #1
0x03E7	0x1160    	ACALL _Lcd_Cmd
;prototipo1.c,84 :: 		Delay_ms(500);
0x03E9	0x7D04    	MOV R5, 4
0x03EB	0x7E81    	MOV R6, 129
0x03ED	0x7F79    	MOV R7, 121
0x03EF	0xDFFE    	DJNZ R7, PC-2
0x03F1	0xDEFC    	DJNZ R6, PC-4
0x03F3	0xDDFA    	DJNZ R5, PC-6
0x03F5	0x00      	NOP
;prototipo1.c,77 :: 		for(i=0;i<=5;i++){
0x03F6	0x7401    	MOV A, #1
0x03F8	0x250A    	ADD A, _i
0x03FA	0xF50A    	MOV _i, A
0x03FC	0x7400    	MOV A, #0
0x03FE	0x350B    	ADDC A, _i+1
0x0400	0xF50B    	MOV _i+1, A
;prototipo1.c,85 :: 		}
0x0402	0x809A    	SJMP L_main18
L_main19:
;prototipo1.c,87 :: 		}
0x0404	0x806C    	SJMP L_main21
L_main17:
;prototipo1.c,89 :: 		for(i=0;i<=5;i++){
0x0406	0x750A00  	MOV _i, #0
0x0409	0x750B00  	MOV _i+1, #0
L_main22:
0x040C	0xD3      	SETB C
0x040D	0xE50A    	MOV A, _i
0x040F	0x9405    	SUBB A, #5
0x0411	0x7400    	MOV A, #0
0x0413	0x6480    	XRL A, #128
0x0415	0xF8      	MOV R0, A
0x0416	0xE50B    	MOV A, _i+1
0x0418	0x6480    	XRL A, #128
0x041A	0x98      	SUBB A, R0
0x041B	0x5055    	JNC L_main23
;prototipo1.c,90 :: 		Lcd_Cmd(_LCD_CLEAR);
0x041D	0x751601  	MOV FARG_Lcd_Cmd_out_char, #1
0x0420	0x1160    	ACALL _Lcd_Cmd
;prototipo1.c,91 :: 		Delay_ms(500);
0x0422	0x7D04    	MOV R5, 4
0x0424	0x7E81    	MOV R6, 129
0x0426	0x7F79    	MOV R7, 121
0x0428	0xDFFE    	DJNZ R7, PC-2
0x042A	0xDEFC    	DJNZ R6, PC-4
0x042C	0xDDFA    	DJNZ R5, PC-6
0x042E	0x00      	NOP
;prototipo1.c,92 :: 		Lcd_Out(1,1,txt4);        //senha incorreta
0x042F	0x750F01  	MOV FARG_LCD_Out_row, #1
0x0432	0x751001  	MOV FARG_LCD_Out_column, #1
0x0435	0x751132  	MOV FARG_LCD_Out_text, #_txt4+0
0x0438	0x3163    	ACALL _LCD_Out
;prototipo1.c,93 :: 		Lcd_Out(2,1,senhaRecebida);
0x043A	0x750F02  	MOV FARG_LCD_Out_row, #2
0x043D	0x751001  	MOV FARG_LCD_Out_column, #1
0x0440	0x751144  	MOV FARG_LCD_Out_text, #_senhaRecebida+0
0x0443	0x3163    	ACALL _LCD_Out
;prototipo1.c,94 :: 		Delay_ms(500);
0x0445	0x7D04    	MOV R5, 4
0x0447	0x7E81    	MOV R6, 129
0x0449	0x7F79    	MOV R7, 121
0x044B	0xDFFE    	DJNZ R7, PC-2
0x044D	0xDEFC    	DJNZ R6, PC-4
0x044F	0xDDFA    	DJNZ R5, PC-6
0x0451	0x00      	NOP
;prototipo1.c,95 :: 		Lcd_Cmd(_LCD_CLEAR);
0x0452	0x751601  	MOV FARG_Lcd_Cmd_out_char, #1
0x0455	0x1160    	ACALL _Lcd_Cmd
;prototipo1.c,96 :: 		Delay_ms(500);
0x0457	0x7D04    	MOV R5, 4
0x0459	0x7E81    	MOV R6, 129
0x045B	0x7F79    	MOV R7, 121
0x045D	0xDFFE    	DJNZ R7, PC-2
0x045F	0xDEFC    	DJNZ R6, PC-4
0x0461	0xDDFA    	DJNZ R5, PC-6
0x0463	0x00      	NOP
;prototipo1.c,89 :: 		for(i=0;i<=5;i++){
0x0464	0x7401    	MOV A, #1
0x0466	0x250A    	ADD A, _i
0x0468	0xF50A    	MOV _i, A
0x046A	0x7400    	MOV A, #0
0x046C	0x350B    	ADDC A, _i+1
0x046E	0xF50B    	MOV _i+1, A
;prototipo1.c,97 :: 		}
0x0470	0x809A    	SJMP L_main22
L_main23:
;prototipo1.c,100 :: 		}
L_main21:
;prototipo1.c,101 :: 		botao1=0;       //secao pra limpar os valores dos botoes
0x0472	0x750800  	MOV _botao1, #0
;prototipo1.c,102 :: 		botao2=0;
0x0475	0x750900  	MOV _botao2, #0
;prototipo1.c,103 :: 		botao3=0;
0x0478	0x750D00  	MOV _botao3, #0
;prototipo1.c,104 :: 		botao4=0;       //fim da limpeza
0x047B	0x750E00  	MOV _botao4, #0
;prototipo1.c,105 :: 		tamanho=0;      //limpa o valor de tamanho
0x047E	0x753000  	MOV _tamanho, #0
0x0481	0x753100  	MOV _tamanho+1, #0
;prototipo1.c,107 :: 		}
0x0484	0x41C0    	AJMP L_main0
;prototipo1.c,108 :: 		}
0x0486	0x80FE    	SJMP #254
; end of _main
0x04B7	0x7830    	MOV R0, 48
0x04B9	0x792F    	MOV R1, 47
0x04BB	0x758288  	MOV DPL, 136
0x04BE	0x758304  	MOV DPH, 4
0x04C1	0x120285  	LCALL 645
0x04C4	0x22      	RET
;prototipo1.c,0 :: ?ICS_tamanho
0x0488	0x0000 ;?ICS_tamanho+0
; end of ?ICS_tamanho
;prototipo1.c,0 :: ?ICS_txt4
0x048A	0x53454E ;?ICS_txt4+0
0x048D	0x484120 ;?ICS_txt4+3
0x0490	0x455252 ;?ICS_txt4+6
0x0493	0x414441 ;?ICS_txt4+9
0x0496	0x00 ;?ICS_txt4+12
; end of ?ICS_txt4
;prototipo1.c,0 :: ?ICS_senhaPadrao
0x0497	0x333231 ;?ICS_senhaPadrao+0
0x049A	0x3400 ;?ICS_senhaPadrao+3
; end of ?ICS_senhaPadrao
;prototipo1.c,0 :: ?ICS_senhaRecebida
0x049C	0x00 ;?ICS_senhaRecebida+0
; end of ?ICS_senhaRecebida
;prototipo1.c,0 :: ?ICS_txt3
0x049D	0x454E54 ;?ICS_txt3+0
0x04A0	0x524520 ;?ICS_txt3+3
0x04A3	0x434F4D ;?ICS_txt3+6
0x04A6	0x204100 ;?ICS_txt3+9
; end of ?ICS_txt3
;prototipo1.c,0 :: ?ICS_txt2
0x04A9	0x53454E ;?ICS_txt2+0
0x04AC	0x484120 ;?ICS_txt2+3
0x04AF	0x434F52 ;?ICS_txt2+6
0x04B2	0x524554 ;?ICS_txt2+9
0x04B5	0x4100 ;?ICS_txt2+12
; end of ?ICS_txt2
Symbol List:
//** Routines locations **
//ADDRESS    SIZE    PROCEDURE
//----------------------------------------------
0x004E       [6]    _Delay_50us
0x0054      [10]    _Delay_5500us
0x005E       [2]    _Delay_1us
0x0060     [219]    _Lcd_Cmd
0x013B      [12]    _Lcd_Chr_CP
0x0147      [28]    _strlen
0x0163     [102]    _LCD_Out
0x01C9     [152]    _Lcd_Init
0x0261      [36]    _strcmp
0x0285       [8]    ___CC2D
0x028D      [33]    _strAddChar
0x02AE     [474]    _main
//** Variables locations ** 
//ADDRESS    SIZE    VARIABLE
//----------------------------------------------
0x0000       [1]    R0
0x0001       [1]    R1
0x0002       [1]    R2
0x0003       [1]    R3
0x0004       [1]    R4
0x0005       [1]    R5
0x0006       [1]    R6
0x0007       [1]    R7
0x0008       [1]    _botao1
0x0009       [1]    _botao2
0x000A       [2]    _i
0x000C       [1]    _cmd_status
0x000D       [1]    _botao3
0x000E       [1]    _botao4
0x000F       [1]    FARG_LCD_Out_row
0x000F       [1]    FARG_strcmp_s1
0x000F       [1]    FARG_strAddChar_s1
0x0010       [1]    FARG_strAddChar_c
0x0010       [1]    FARG_strcmp_s2
0x0010       [1]    FARG_LCD_Out_column
0x0011       [1]    strAddChar_s_L0
0x0011       [1]    FARG_LCD_Out_text
0x0012       [2]    FLOC__strAddChar
0x0012       [1]    LCD_Out_i_L0
0x0014       [1]    FARG_Lcd_Chr_CP_out_char
0x0014       [1]    FARG_strlen_s
0x0015       [1]    strlen_cp_L0
0x0016       [1]    FARG_Lcd_Cmd_out_char
0x0030       [2]    _tamanho
0x0032      [13]    _txt4
0x003F       [5]    _senhaPadrao
0x0044       [1]    _senhaRecebida
0x0045      [12]    _txt3
0x0051      [14]    _txt2
0x0080       [1]    P0
0x0080       [0]    P0_5_bit
0x0080       [0]    P0_4_bit
0x0080       [0]    P0_7_bit
0x0080       [0]    P0_6_bit
0x0080       [0]    P0_1_bit
0x0080       [0]    P0_0_bit
0x0080       [0]    P0_3_bit
0x0080       [0]    P0_2_bit
0x0081       [1]    SP
0x0082       [1]    DPL
0x0082       [2]    DPTR
0x0083       [1]    DPH
0x0087       [0]    PD_bit
0x0087       [0]    IDL_bit
0x0087       [1]    PCON
0x0087       [0]    GF0_bit
0x0087       [0]    SMOD1_bit
0x0087       [0]    SMOD0_bit
0x0087       [0]    GF1_bit
0x0088       [0]    TF0_bit
0x0088       [0]    TR0_bit
0x0088       [0]    TF1_bit
0x0088       [0]    TR1_bit
0x0088       [0]    IE1_bit
0x0088       [0]    IT0_bit
0x0088       [1]    TCON
0x0088       [0]    IT1_bit
0x0088       [0]    IE0_bit
0x0089       [0]    M00_bit
0x0089       [1]    TMOD
0x0089       [0]    M11_bit
0x0089       [0]    C_T1_bit
0x0089       [0]    GATE1_bit
0x0089       [0]    M01_bit
0x0089       [0]    M10_bit
0x0089       [0]    C_T0_bit
0x0089       [0]    GATE0_bit
0x008A       [1]    TL0
0x008B       [1]    TL1
0x008C       [1]    TH0
0x008D       [1]    TH1
0x008E       [0]    EXTRAM_bit
0x008E       [0]    AO_bit
0x008E       [1]    AUXR
0x008E       [0]    M0_bit
0x008E       [0]    XRS1_bit
0x008E       [0]    XRS0_bit
0x008F       [0]    T0X2_bit
0x008F       [0]    T1X2_bit
0x008F       [1]    CKCON0
0x008F       [0]    X2_bit
0x008F       [0]    T2X2_bit
0x008F       [0]    WDX2_bit
0x008F       [0]    CANX2_bit
0x008F       [0]    SIX2_bit
0x008F       [0]    PCAX2_bit
0x0090       [0]    P1_1_bit
0x0090       [0]    P1_2_bit
0x0090       [1]    P1
0x0090       [0]    P1_0_bit
0x0090       [0]    P1_3_bit
0x0090       [0]    P1_6_bit
0x0090       [0]    P1_7_bit
0x0090       [0]    P1_4_bit
0x0090       [0]    P1_5_bit
0x0093       [1]    SSCON
0x0094       [1]    SSCS
0x0095       [1]    SSDAT
0x0096       [1]    SSADR
0x0097       [1]    CKRL
0x0098       [0]    SM1_bit
0x0098       [0]    FE_SM0_bit
0x0098       [0]    REN_bit
0x0098       [0]    SM2_bit
0x0098       [0]    TB8_bit
0x0098       [0]    TI_bit
0x0098       [0]    RI_bit
0x0098       [1]    SCON
0x0098       [0]    RB8_bit
0x0099       [1]    SBUF
0x009A       [1]    BRLN
0x009B       [1]    BDRCON
0x009B       [0]    BRR_bit
0x009B       [0]    TBCK_bit
0x009B       [0]    RBCK_bit
0x009B       [0]    SPD_bit
0x009B       [0]    SRC_bit
0x009C       [1]    KBLS
0x009D       [1]    KBE
0x009E       [1]    KBF
0x00A0       [0]    P2_1_bit
0x00A0       [0]    P2_2_bit
0x00A0       [1]    P2
0x00A0       [0]    P2_0_bit
0x00A0       [0]    LCD_D2
0x00A0       [0]    LCD_D3
0x00A0       [0]    LCD_D0
0x00A0       [0]    LCD_D1
0x00A0       [0]    LCD_D6
0x00A0       [0]    LCD_D7
0x00A0       [0]    LCD_D4
0x00A0       [0]    LCD_D5
0x00A0       [0]    P2_7_bit
0x00A0       [0]    P2_5_bit
0x00A0       [0]    P2_6_bit
0x00A0       [0]    P2_3_bit
0x00A0       [0]    P2_4_bit
0x00A2       [0]    DPS_bit
0x00A2       [1]    AUXR1
0x00A2       [0]    ENBOOT_bit
0x00A2       [0]    GF3_bit
0x00A6       [1]    WDTRST
0x00A7       [1]    WDTPRG
0x00A7       [0]    S2_bit
0x00A7       [0]    S0_bit
0x00A7       [0]    S1_bit
0x00A8       [0]    ES_bit
0x00A8       [0]    ET1_bit
0x00A8       [0]    EX1_bit
0x00A8       [0]    EA_bit
0x00A8       [0]    EC_bit
0x00A8       [0]    ET2_bit
0x00A8       [1]    IEN0
0x00A8       [0]    EX0_bit
0x00A8       [0]    ET0_bit
0x00A9       [1]    SADDR
0x00AF       [0]    SPIX2_bit
0x00AF       [1]    CKCON1
0x00B0       [0]    P3_6_bit
0x00B0       [0]    P3_5_bit
0x00B0       [0]    P3_4_bit
0x00B0       [0]    LCD_EN
0x00B0       [0]    LCD_RS
0x00B0       [0]    P3_7_bit
0x00B0       [0]    P3_0_bit
0x00B0       [1]    P3
0x00B0       [0]    P3_1_bit
0x00B0       [0]    P3_3_bit
0x00B0       [0]    P3_2_bit
0x00B1       [0]    ESPI_bit
0x00B1       [0]    KBD_bit
0x00B1       [1]    IEN1
0x00B2       [0]    SPIL_bit
0x00B2       [0]    KBDL_bit
0x00B2       [1]    IPL1
0x00B3       [0]    SPIH_bit
0x00B3       [0]    KBDH_bit
0x00B3       [1]    IPH1
0x00B7       [0]    PT1H_bit
0x00B7       [0]    PX1H_bit
0x00B7       [0]    PT0H_bit
0x00B7       [0]    PPCH_bit
0x00B7       [0]    PT2H_bit
0x00B7       [0]    PSH_bit
0x00B7       [1]    IPH0
0x00B7       [0]    PX0H_bit
0x00B8       [0]    PX0L_bit
0x00B8       [0]    PT2L_bit
0x00B8       [1]    IPL0
0x00B8       [0]    PPCL_bit
0x00B8       [0]    PT0L_bit
0x00B8       [0]    PX1L_bit
0x00B8       [0]    PT1L_bit
0x00B8       [0]    PLS_bit
0x00B9       [1]    SADEN
0x00C0       [0]    P4_4_bit
0x00C0       [0]    P4_1_bit
0x00C0       [0]    P4_3_bit
0x00C0       [0]    P4_2_bit
0x00C0       [0]    P4_0_bit
0x00C0       [0]    P4_7_bit
0x00C0       [0]    P4_6_bit
0x00C0       [0]    P4_5_bit
0x00C0       [1]    P4
0x00C3       [0]    SPEN_bit
0x00C3       [0]    SPR2_bit
0x00C3       [1]    SPCON
0x00C3       [0]    SPR1_bit
0x00C3       [0]    SPR0_bit
0x00C3       [0]    CHHA_bit
0x00C3       [0]    SSDIS_bit
0x00C3       [0]    MSTR_bit
0x00C3       [0]    CP0L_bit
0x00C4       [0]    SPIF_bit
0x00C4       [0]    WCOL_bit
0x00C4       [1]    SPSTA
0x00C4       [0]    MODF__bit
0x00C4       [0]    SSERR_bit
0x00C5       [0]    SPD4_bit
0x00C5       [0]    SPD3_bit
0x00C5       [0]    SPD2_bit
0x00C5       [0]    SPD7_bit
0x00C5       [0]    SPD6_bit
0x00C5       [0]    SPD5_bit
0x00C5       [1]    SPDAT
0x00C5       [0]    SPD0_bit
0x00C5       [0]    SPD1_bit
0x00C7       [1]    P5_byte
0x00C8       [0]    TR2_bit
0x00C8       [0]    EXEN2_bit
0x00C8       [1]    T2CON
0x00C8       [0]    CP_RL2_bit
0x00C8       [0]    C_T2_bit
0x00C8       [0]    RCLK_bit
0x00C8       [0]    EXF2_bit
0x00C8       [0]    TF2_bit
0x00C8       [0]    TCLK_bit
0x00C9       [0]    T2OE_bit
0x00C9       [0]    DCEN_bit
0x00C9       [1]    T2MOD
0x00CA       [1]    RCAP2L
0x00CB       [1]    RCAP2H
0x00CC       [1]    TL2
0x00CD       [1]    TH2
0x00D0       [0]    F0_bit
0x00D0       [1]    PSW
0x00D0       [0]    CY_bit
0x00D0       [0]    AC_bit
0x00D0       [0]    F1_bit
0x00D0       [0]    OV_bit
0x00D0       [0]    RS0_bit
0x00D0       [0]    RS1_bit
0x00D0       [0]    P_bit
0x00D2       [0]    EEBUSY_bit
0x00D2       [0]    EEE_bit
0x00D2       [1]    EECON
0x00D8       [0]    CCF0_bit
0x00D8       [0]    CR_bit
0x00D8       [0]    CF_bit
0x00D8       [0]    CCF4_bit
0x00D8       [0]    CCF2_bit
0x00D8       [0]    CCF1_bit
0x00D8       [0]    CCF3_bit
0x00D8       [1]    CCON
0x00D9       [0]    ECF_bit
0x00D9       [0]    CPS1_bit
0x00D9       [0]    CPS0_bit
0x00D9       [0]    WDTE_bit
0x00D9       [0]    CIDL_bit
0x00D9       [1]    CMOD
0x00DA       [0]    ECOM0_bit
0x00DA       [0]    CAPP0_bit
0x00DA       [0]    CAP0_bit
0x00DA       [0]    ECCF0_bit
0x00DA       [1]    CCAPM0
0x00DA       [0]    PWM0_bit
0x00DA       [0]    MAT0_bit
0x00DA       [0]    TOG0_bit
0x00DB       [0]    CAP1_bit
0x00DB       [0]    MAT1_bit
0x00DB       [0]    ECOM1_bit
0x00DB       [0]    CAPP1_bit
0x00DB       [0]    ECCF1_bit
0x00DB       [1]    CCAPM1
0x00DB       [0]    TOG1_bit
0x00DB       [0]    PWM1_bit
0x00DC       [0]    ECOM2_bit
0x00DC       [0]    CAPP2_bit
0x00DC       [0]    TOG2_bit
0x00DC       [0]    PWM2_bit
0x00DC       [1]    CCAPM2
0x00DC       [0]    CAP2_bit
0x00DC       [0]    MAT2_bit
0x00DC       [0]    ECCF2_bit
0x00DD       [1]    CCAPM3
0x00DD       [0]    ECCF3_bit
0x00DD       [0]    CAP3_bit
0x00DD       [0]    CAPP3_bit
0x00DD       [0]    ECOM3_bit
0x00DD       [0]    PWM3_bit
0x00DD       [0]    TOG3_bit
0x00DD       [0]    MAT3_bit
0x00DE       [1]    CCAPM4
0x00DE       [0]    CAP4_bit
0x00DE       [0]    ECOM4_bit
0x00DE       [0]    CAPP4_bit
0x00DE       [0]    ECCF4_bit
0x00DE       [0]    TOG4_bit
0x00DE       [0]    MAT4_bit
0x00DE       [0]    PWM4_bit
0x00E0       [1]    ACC
0x00E8       [0]    P5_4_bit
0x00E8       [0]    P5_5_bit
0x00E8       [0]    P5_7_bit
0x00E8       [0]    P5_6_bit
0x00E8       [0]    P5_2_bit
0x00E8       [0]    P5_0_bit
0x00E8       [0]    P5_1_bit
0x00E8       [0]    P5_3_bit
0x00E8       [1]    P5
0x00E9       [1]    CL
0x00EA       [0]    CCAP0L3_bit
0x00EA       [0]    CCAP0L2_bit
0x00EA       [0]    CCAP0L1_bit
0x00EA       [0]    CCAP0L7_bit
0x00EA       [0]    CCAP0L6_bit
0x00EA       [0]    CCAP0L4_bit
0x00EA       [1]    CCAP0L
0x00EA       [0]    CCAP0L0_bit
0x00EA       [0]    CCAP0L5_bit
0x00EB       [0]    CCAP1L4_bit
0x00EB       [0]    CCAP1L3_bit
0x00EB       [0]    CCAP1L5_bit
0x00EB       [0]    CCAP1L7_bit
0x00EB       [0]    CCAP1L6_bit
0x00EB       [0]    CCAP1L0_bit
0x00EB       [1]    CCAP1L
0x00EB       [0]    CCAP1L1_bit
0x00EB       [0]    CCAP1L2_bit
0x00EC       [1]    CCAP2L
0x00EC       [0]    CCAP2L4_bit
0x00EC       [0]    CCAP2L0_bit
0x00EC       [0]    CCAP2L3_bit
0x00EC       [0]    CCAP2L2_bit
0x00EC       [0]    CCAP2L1_bit
0x00EC       [0]    CCAP2L6_bit
0x00EC       [0]    CCAP2L5_bit
0x00EC       [0]    CCAP2L7_bit
0x00ED       [0]    CCAP3L6_bit
0x00ED       [1]    CCAP3L
0x00ED       [0]    CCAP3L1_bit
0x00ED       [0]    CCAP3L5_bit
0x00ED       [0]    CCAP3L0_bit
0x00ED       [0]    CCAP3L3_bit
0x00ED       [0]    CCAP3L7_bit
0x00ED       [0]    CCAP3L4_bit
0x00ED       [0]    CCAP3L2_bit
0x00EE       [1]    CCAP4L
0x00EE       [0]    CCAP4L0_bit
0x00EE       [0]    CCAP4L3_bit
0x00EE       [0]    CCAP4L7_bit
0x00EE       [0]    CCAP4L6_bit
0x00EE       [0]    CCAP4L4_bit
0x00EE       [0]    CCAP4L5_bit
0x00EE       [0]    CCAP4L1_bit
0x00EE       [0]    CCAP4L2_bit
0x00F0       [1]    B
0x00F9       [1]    CH
0x00FA       [1]    CCAP0H
0x00FA       [0]    CCAP0H0_bit
0x00FA       [0]    CCAP0H1_bit
0x00FA       [0]    CCAP0H5_bit
0x00FA       [0]    CCAP0H6_bit
0x00FA       [0]    CCAP0H7_bit
0x00FA       [0]    CCAP0H2_bit
0x00FA       [0]    CCAP0H3_bit
0x00FA       [0]    CCAP0H4_bit
0x00FB       [0]    CCAP1H4_bit
0x00FB       [0]    CCAP1H3_bit
0x00FB       [0]    CCAP1H2_bit
0x00FB       [0]    CCAP1H7_bit
0x00FB       [0]    CCAP1H6_bit
0x00FB       [0]    CCAP1H5_bit
0x00FB       [1]    CCAP1H
0x00FB       [0]    CCAP1H0_bit
0x00FB       [0]    CCAP1H1_bit
0x00FC       [0]    CCAP2H3_bit
0x00FC       [0]    CCAP2H2_bit
0x00FC       [0]    CCAP2H1_bit
0x00FC       [0]    CCAP2H4_bit
0x00FC       [0]    CCAP2H7_bit
0x00FC       [0]    CCAP2H6_bit
0x00FC       [0]    CCAP2H5_bit
0x00FC       [1]    CCAP2H
0x00FC       [0]    CCAP2H0_bit
0x00FD       [0]    CCAP3H5_bit
0x00FD       [0]    CCAP3H2_bit
0x00FD       [0]    CCAP3H1_bit
0x00FD       [0]    CCAP3H6_bit
0x00FD       [0]    CCAP3H3_bit
0x00FD       [0]    CCAP3H7_bit
0x00FD       [0]    CCAP3H4_bit
0x00FD       [1]    CCAP3H
0x00FD       [0]    CCAP3H0_bit
0x00FE       [0]    CCAP4H4_bit
0x00FE       [1]    CCAP4H
0x00FE       [0]    CCAP4H5_bit
0x00FE       [0]    CCAP4H3_bit
0x00FE       [0]    CCAP4H1_bit
0x00FE       [0]    CCAP4H2_bit
0x00FE       [0]    CCAP4H0_bit
0x00FE       [0]    CCAP4H7_bit
0x00FE       [0]    CCAP4H6_bit
//** Constants locations ** 
//ADDRESS    SIZE    CONSTANT
//----------------------------------------------
0x0488       [2]    ?ICS_tamanho
0x048A      [13]    ?ICS_txt4
0x0497       [5]    ?ICS_senhaPadrao
0x049C       [1]    ?ICS_senhaRecebida
0x049D      [12]    ?ICS_txt3
0x04A9      [14]    ?ICS_txt2
//** Label List: ** 
//----------------------------------------------
  L_main0
  L_main1
  L_main2
  L_main3
  L_main4
  L_main5
  L_main6
  L_main7
  L_main8
  L_main9
  L_main10
  L_main11
  L_main12
  L_main13
  L_main14
  L_main15
  L_main16
  L_main17
  L_main18
  L_main19
  L_main20
  L_main21
  L_main22
  L_main23
  L_main24
  _strAddChar
  _main
  L_memchr0
  L_memchr1
  L_memchr2
  L_memchr3
  L_memcmp4
  L_memcmp5
  L_memcmp6
  L_memcpy7
  L_memcpy8
  L_memmove9
  L_memmove10
  L_memmove11
  L_memmove12
  L_memmove13
  L_memmove14
  L_memmove15
  L_memmove16
  L_memmove17
  L_memmove18
  L_memmove19
  L_memset20
  L_memset21
  L_strcat22
  L_strcat23
  L_strcat24
  L_strcat25
  L_strchr26
  L_strchr27
  L_strchr28
  L_strchr29
  L_strcmp30
  L_strcmp31
  L_strcmp32
  L_strcmp33
  L_strcpy34
  L_strcpy35
  L_strlen36
  L_strlen37
  L_strncat38
  L_strncat39
  L_strncat40
  L_strncat41
  L_strncat42
  L_strncat43
  L_strncat44
  L_strncpy45
  L_strncpy46
  L_strncpy47
  L_strncpy48
  L_strncpy49
  L_strspn50
  L_strspn51
  L_strspn52
  L_strspn53
  L_strcspn54
  L_strcspn55
  L_strcspn56
  L_strcspn57
  L_strtok58
  L_strtok59
  L_strtok60
  L_strtok61
  L_strtok62
  L_strncmp63
  L_strncmp64
  L_strncmp65
  L_strncmp66
  L_strncmp67
  L_strpbrk68
  L_strpbrk69
  L_strpbrk70
  L_strrchr71
  L_strrchr72
  L_strrchr73
  L_strrchr74
  L_strstr75
  L_strstr76
  L_strstr77
  L_strstr78
  L_strstr79
  L__memmove80
  L__strcmp81
  L__strncat82
  L__strspn83
  L__strcspn84
  L__strncmp85
  L__strstr86
  _memchr
  _memcmp
  _memcpy
  _memmove
  _memset
  _strcat
  _strchr
  _strcmp
  _strcpy
  _strlen
  _strncat
  _strncpy
  _strspn
  _strcspn
  _strtok
  _strncmp
  _strpbrk
  _strrchr
  _strstr
  L_Delay_Cyc0
  L_Delay_Cyc1
  L_VDelay_ms2
  L_VDelay_ms3
  L_VDelay_ms4
  L_VDelay_ms5
  _Get_Fosc_kHz
  _Delay_1us
  _Delay_10us
  _Delay_22us
  _Delay_50us
  _Delay_80us
  _Delay_500us
  _Delay_5500us
  _Delay_8ms
  _Delay_10ms
  _Delay_100ms
  _Delay_1sec
  _Delay_Cyc
  _VDelay_ms
  L_Lcd_Cmd0
  L_Lcd_Cmd1
  L_Lcd_Cmd2
  L_Lcd_Cmd3
  L_Lcd_Cmd4
  L_Lcd_Cmd5
  L_LCD_Out_CP6
  L_LCD_Out_CP7
  L_Lcd_Chr8
  L_Lcd_Chr9
  L_Lcd_Chr10
  L_Lcd_Chr11
  L_Lcd_Chr12
  L_Lcd_Chr13
  L_Lcd_Chr14
  L_LCD_Out15
  L_LCD_Out16
  L_LCD_Out17
  L_LCD_Out18
  L_LCD_Out19
  L_LCD_Out20
  L_LCD_Out21
  L_LCD_Out22
  L_LCD_Out23
  _Lcd_Cmd
  L__Lcd_Cmd24
  L__Lcd_Cmd25
  L__Lcd_Cmd26
  L__Lcd_Cmd27
  L__Lcd_Cmd28
  L__Lcd_Cmd29
  L__Lcd_Cmd30
  L__Lcd_Cmd31
  L__Lcd_Cmd32
  L__Lcd_Cmd33
  L__Lcd_Cmd34
  L__Lcd_Cmd35
  L__Lcd_Cmd36
  L__Lcd_Cmd37
  L__Lcd_Cmd38
  L__Lcd_Cmd39
  _Lcd_Chr_CP
  _LCD_Out_CP
  _Lcd_Chr
  _Lcd_Init
  _LCD_Out
  _CC2D_Loop1
  _CC2PD_Loop1
  _CC2XD_Loop1
  ___DoIFC
  ___CC2D
  ___CC2PD
  ___CC2XD
