;  LST file generated by mikroListExporter - v.2.0 
; Date/Time: 14/05/2014 19:11:24
;----------------------------------------------

;Address Opcode 	ASM
0x0000	0x02025B  	LJMP 603
0x0003	0x020000  	LJMP 0
0x0006	0x00      	NOP
0x0007	0x00      	NOP
0x0008	0x00      	NOP
0x0009	0x00      	NOP
0x000A	0x00      	NOP
0x000B	0x020000  	LJMP 0
0x000E	0x00      	NOP
0x000F	0x00      	NOP
0x0010	0x00      	NOP
0x0011	0x00      	NOP
0x0012	0x00      	NOP
0x0013	0x020000  	LJMP 0
0x0016	0x00      	NOP
0x0017	0x00      	NOP
0x0018	0x00      	NOP
0x0019	0x00      	NOP
0x001A	0x00      	NOP
0x001B	0x020000  	LJMP 0
0x001E	0x00      	NOP
0x001F	0x00      	NOP
0x0020	0x00      	NOP
0x0021	0x00      	NOP
0x0022	0x00      	NOP
0x0023	0x020000  	LJMP 0
0x0026	0x00      	NOP
0x0027	0x00      	NOP
0x0028	0x00      	NOP
0x0029	0x00      	NOP
0x002A	0x00      	NOP
0x002B	0x020000  	LJMP 0
0x002E	0x00      	NOP
0x002F	0x00      	NOP
0x0030	0x00      	NOP
0x0031	0x00      	NOP
0x0032	0x00      	NOP
0x0033	0x020000  	LJMP 0
0x0036	0x00      	NOP
0x0037	0x00      	NOP
0x0038	0x00      	NOP
0x0039	0x00      	NOP
0x003A	0x00      	NOP
0x003B	0x020000  	LJMP 0
0x003E	0x00      	NOP
0x003F	0x00      	NOP
0x0040	0x00      	NOP
0x0041	0x00      	NOP
0x0042	0x00      	NOP
0x0043	0x00      	NOP
0x0044	0x00      	NOP
0x0045	0x00      	NOP
0x0046	0x00      	NOP
0x0047	0x00      	NOP
0x0048	0x00      	NOP
0x0049	0x00      	NOP
0x004A	0x00      	NOP
0x004B	0x020000  	LJMP 0
_Delay_50us:
;__Lib_Delays.c,138 :: 		void Delay_50us() {
;__Lib_Delays.c,139 :: 		Delay_us(50);
0x004E	0x7F16    	MOV R7, 22
0x0050	0xDFFE    	DJNZ R7, PC-2
0x0052	0x00      	NOP
;__Lib_Delays.c,140 :: 		}
0x0053	0x22      	RET
; end of _Delay_50us
_Delay_5500us:
;__Lib_Delays.c,213 :: 		void Delay_5500us() {
;__Lib_Delays.c,214 :: 		Delay_us(5500);
0x0054	0x7E0A    	MOV R6, 10
0x0056	0x7FDB    	MOV R7, 219
0x0058	0xDFFE    	DJNZ R7, PC-2
0x005A	0xDEFC    	DJNZ R6, PC-4
0x005C	0x00      	NOP
;__Lib_Delays.c,215 :: 		}
0x005D	0x22      	RET
; end of _Delay_5500us
_Delay_1us:
;__Lib_Delays.c,63 :: 		void Delay_1us() {
;__Lib_Delays.c,64 :: 		Delay_us(1);
0x005E	0x00      	NOP
;__Lib_Delays.c,65 :: 		}
0x005F	0x22      	RET
; end of _Delay_1us
_Lcd_Cmd:
;__Lib_Lcd.c,13 :: 		
;__Lib_Lcd.c,14 :: 		
0x0060	0xE50F    	MOV A, FARG_Lcd_Cmd_out_char
0x0062	0x5480    	ANL A, #128
0x0064	0xF8      	MOV R0, A
0x0065	0x630080  	XRL R0, #128
0x0068	0xE8      	MOV A, R0
0x0069	0x6004    	JZ L__Lcd_Cmd24
0x006B	0x7800    	MOV R0, #0
0x006D	0x8002    	SJMP L__Lcd_Cmd25
L__Lcd_Cmd24:
0x006F	0x7801    	MOV R0, #1
L__Lcd_Cmd25:
0x0071	0xE8      	MOV A, R0
0x0072	0x13      	RRC A
0x0073	0x92A7    	MOV LCD_D7, C
;__Lib_Lcd.c,15 :: 		
0x0075	0xE50F    	MOV A, FARG_Lcd_Cmd_out_char
0x0077	0x5440    	ANL A, #64
0x0079	0xF8      	MOV R0, A
0x007A	0x630040  	XRL R0, #64
0x007D	0xE8      	MOV A, R0
0x007E	0x6004    	JZ L__Lcd_Cmd26
0x0080	0x7800    	MOV R0, #0
0x0082	0x8002    	SJMP L__Lcd_Cmd27
L__Lcd_Cmd26:
0x0084	0x7801    	MOV R0, #1
L__Lcd_Cmd27:
0x0086	0xE8      	MOV A, R0
0x0087	0x13      	RRC A
0x0088	0x92A6    	MOV LCD_D6, C
;__Lib_Lcd.c,16 :: 		
0x008A	0xE50F    	MOV A, FARG_Lcd_Cmd_out_char
0x008C	0x5420    	ANL A, #32
0x008E	0xF8      	MOV R0, A
0x008F	0x630020  	XRL R0, #32
0x0092	0xE8      	MOV A, R0
0x0093	0x6004    	JZ L__Lcd_Cmd28
0x0095	0x7800    	MOV R0, #0
0x0097	0x8002    	SJMP L__Lcd_Cmd29
L__Lcd_Cmd28:
0x0099	0x7801    	MOV R0, #1
L__Lcd_Cmd29:
0x009B	0xE8      	MOV A, R0
0x009C	0x13      	RRC A
0x009D	0x92A5    	MOV LCD_D5, C
;__Lib_Lcd.c,17 :: 		
0x009F	0xE50F    	MOV A, FARG_Lcd_Cmd_out_char
0x00A1	0x5410    	ANL A, #16
0x00A3	0xF8      	MOV R0, A
0x00A4	0x630010  	XRL R0, #16
0x00A7	0xE8      	MOV A, R0
0x00A8	0x6004    	JZ L__Lcd_Cmd30
0x00AA	0x7800    	MOV R0, #0
0x00AC	0x8002    	SJMP L__Lcd_Cmd31
L__Lcd_Cmd30:
0x00AE	0x7801    	MOV R0, #1
L__Lcd_Cmd31:
0x00B0	0xE8      	MOV A, R0
0x00B1	0x13      	RRC A
0x00B2	0x92A4    	MOV LCD_D4, C
;__Lib_Lcd.c,19 :: 		
0x00B4	0xE509    	MOV A, _cmd_status
0x00B6	0x6004    	JZ L_Lcd_Cmd0
0x00B8	0x7800    	MOV R0, #0
0x00BA	0x8002    	SJMP L_Lcd_Cmd1
L_Lcd_Cmd0:
0x00BC	0x7801    	MOV R0, #1
L_Lcd_Cmd1:
0x00BE	0xE8      	MOV A, R0
0x00BF	0x13      	RRC A
0x00C0	0x92B6    	MOV LCD_RS, C
;__Lib_Lcd.c,21 :: 		
0x00C2	0xD2B7    	SETB LCD_EN
;__Lib_Lcd.c,22 :: 		
0x00C4	0x115E    	ACALL _Delay_1us
;__Lib_Lcd.c,23 :: 		
0x00C6	0xC2B7    	CLR LCD_EN
;__Lib_Lcd.c,25 :: 		
0x00C8	0xE50F    	MOV A, FARG_Lcd_Cmd_out_char
0x00CA	0x5408    	ANL A, #8
0x00CC	0xF8      	MOV R0, A
0x00CD	0x630008  	XRL R0, #8
0x00D0	0xE8      	MOV A, R0
0x00D1	0x6004    	JZ L__Lcd_Cmd32
0x00D3	0x7800    	MOV R0, #0
0x00D5	0x8002    	SJMP L__Lcd_Cmd33
L__Lcd_Cmd32:
0x00D7	0x7801    	MOV R0, #1
L__Lcd_Cmd33:
0x00D9	0xE8      	MOV A, R0
0x00DA	0x13      	RRC A
0x00DB	0x92A7    	MOV LCD_D7, C
;__Lib_Lcd.c,26 :: 		
0x00DD	0xE50F    	MOV A, FARG_Lcd_Cmd_out_char
0x00DF	0x5404    	ANL A, #4
0x00E1	0xF8      	MOV R0, A
0x00E2	0x630004  	XRL R0, #4
0x00E5	0xE8      	MOV A, R0
0x00E6	0x6004    	JZ L__Lcd_Cmd34
0x00E8	0x7800    	MOV R0, #0
0x00EA	0x8002    	SJMP L__Lcd_Cmd35
L__Lcd_Cmd34:
0x00EC	0x7801    	MOV R0, #1
L__Lcd_Cmd35:
0x00EE	0xE8      	MOV A, R0
0x00EF	0x13      	RRC A
0x00F0	0x92A6    	MOV LCD_D6, C
;__Lib_Lcd.c,27 :: 		
0x00F2	0xE50F    	MOV A, FARG_Lcd_Cmd_out_char
0x00F4	0x5402    	ANL A, #2
0x00F6	0xF8      	MOV R0, A
0x00F7	0x630002  	XRL R0, #2
0x00FA	0xE8      	MOV A, R0
0x00FB	0x6004    	JZ L__Lcd_Cmd36
0x00FD	0x7800    	MOV R0, #0
0x00FF	0x8002    	SJMP L__Lcd_Cmd37
L__Lcd_Cmd36:
0x0101	0x7801    	MOV R0, #1
L__Lcd_Cmd37:
0x0103	0xE8      	MOV A, R0
0x0104	0x13      	RRC A
0x0105	0x92A5    	MOV LCD_D5, C
;__Lib_Lcd.c,28 :: 		
0x0107	0xE50F    	MOV A, FARG_Lcd_Cmd_out_char
0x0109	0x5401    	ANL A, #1
0x010B	0xF8      	MOV R0, A
0x010C	0x630001  	XRL R0, #1
0x010F	0xE8      	MOV A, R0
0x0110	0x6004    	JZ L__Lcd_Cmd38
0x0112	0x7800    	MOV R0, #0
0x0114	0x8002    	SJMP L__Lcd_Cmd39
L__Lcd_Cmd38:
0x0116	0x7801    	MOV R0, #1
L__Lcd_Cmd39:
0x0118	0xE8      	MOV A, R0
0x0119	0x13      	RRC A
0x011A	0x92A4    	MOV LCD_D4, C
;__Lib_Lcd.c,30 :: 		
0x011C	0xE509    	MOV A, _cmd_status
0x011E	0x6004    	JZ L_Lcd_Cmd2
0x0120	0x7800    	MOV R0, #0
0x0122	0x8002    	SJMP L_Lcd_Cmd3
L_Lcd_Cmd2:
0x0124	0x7801    	MOV R0, #1
L_Lcd_Cmd3:
0x0126	0xE8      	MOV A, R0
0x0127	0x13      	RRC A
0x0128	0x92B6    	MOV LCD_RS, C
;__Lib_Lcd.c,32 :: 		
0x012A	0xD2B7    	SETB LCD_EN
;__Lib_Lcd.c,33 :: 		
0x012C	0x115E    	ACALL _Delay_1us
;__Lib_Lcd.c,34 :: 		
0x012E	0xC2B7    	CLR LCD_EN
;__Lib_Lcd.c,36 :: 		
0x0130	0xE509    	MOV A, _cmd_status
0x0132	0x6004    	JZ L_Lcd_Cmd4
;__Lib_Lcd.c,37 :: 		
0x0134	0x1154    	ACALL _Delay_5500us
0x0136	0x8002    	SJMP L_Lcd_Cmd5
L_Lcd_Cmd4:
;__Lib_Lcd.c,39 :: 		
0x0138	0x114E    	ACALL _Delay_50us
L_Lcd_Cmd5:
;__Lib_Lcd.c,40 :: 		
0x013A	0x22      	RET
; end of _Lcd_Cmd
_Lcd_Chr_CP:
;__Lib_Lcd.c,42 :: 		
;__Lib_Lcd.c,44 :: 		
0x013B	0x750900  	MOV _cmd_status, #0
;__Lib_Lcd.c,45 :: 		
0x013E	0x850E0F  	MOV FARG_Lcd_Cmd_out_char, FARG_Lcd_Chr_CP_out_char+0
0x0141	0x1160    	ACALL _Lcd_Cmd
;__Lib_Lcd.c,46 :: 		
0x0143	0x750901  	MOV _cmd_status, #1
;__Lib_Lcd.c,47 :: 		
0x0146	0x22      	RET
; end of _Lcd_Chr_CP
_LCD_Out:
;__Lib_Lcd.c,176 :: 		
;__Lib_Lcd.c,179 :: 		
0x0147	0x8019    	SJMP L_LCD_Out15
;__Lib_Lcd.c,180 :: 		
L_LCD_Out17:
0x0149	0x750A80  	MOV FARG_LCD_Out_row, #128
0x014C	0x802E    	SJMP L_LCD_Out16
;__Lib_Lcd.c,181 :: 		
L_LCD_Out18:
0x014E	0x750AC0  	MOV FARG_LCD_Out_row, #192
0x0151	0x8029    	SJMP L_LCD_Out16
;__Lib_Lcd.c,182 :: 		
L_LCD_Out19:
0x0153	0x750A94  	MOV FARG_LCD_Out_row, #148
0x0156	0x8024    	SJMP L_LCD_Out16
;__Lib_Lcd.c,183 :: 		
L_LCD_Out20:
0x0158	0x750AD4  	MOV FARG_LCD_Out_row, #212
0x015B	0x801F    	SJMP L_LCD_Out16
;__Lib_Lcd.c,184 :: 		
L_LCD_Out21:
0x015D	0x750A80  	MOV FARG_LCD_Out_row, #128
;__Lib_Lcd.c,185 :: 		
0x0160	0x801A    	SJMP L_LCD_Out16
L_LCD_Out15:
0x0162	0xE50A    	MOV A, FARG_LCD_Out_row
0x0164	0x6401    	XRL A, #1
0x0166	0x60E1    	JZ L_LCD_Out17
0x0168	0xE50A    	MOV A, FARG_LCD_Out_row
0x016A	0x6402    	XRL A, #2
0x016C	0x60E0    	JZ L_LCD_Out18
0x016E	0xE50A    	MOV A, FARG_LCD_Out_row
0x0170	0x6403    	XRL A, #3
0x0172	0x60DF    	JZ L_LCD_Out19
0x0174	0xE50A    	MOV A, FARG_LCD_Out_row
0x0176	0x6404    	XRL A, #4
0x0178	0x60DE    	JZ L_LCD_Out20
0x017A	0x80E1    	SJMP L_LCD_Out21
L_LCD_Out16:
;__Lib_Lcd.c,186 :: 		
0x017C	0xC3      	CLR C
0x017D	0xE50B    	MOV A, FARG_LCD_Out_column
0x017F	0x9401    	SUBB A, #1
0x0181	0xF8      	MOV R0, A
0x0182	0xE50A    	MOV A, FARG_LCD_Out_row
0x0184	0x28      	ADD A, R0
0x0185	0xF8      	MOV R0, A
0x0186	0x85000A  	MOV FARG_LCD_Out_row, 0
;__Lib_Lcd.c,188 :: 		
0x0189	0x85000F  	MOV FARG_Lcd_Cmd_out_char, 0
0x018C	0x1160    	ACALL _Lcd_Cmd
;__Lib_Lcd.c,189 :: 		
0x018E	0x750900  	MOV _cmd_status, #0
;__Lib_Lcd.c,190 :: 		
0x0191	0x750D00  	MOV LCD_Out_i_L0, #0
;__Lib_Lcd.c,191 :: 		
L_LCD_Out22:
0x0194	0xE50C    	MOV A, FARG_LCD_Out_text
0x0196	0x250D    	ADD A, LCD_Out_i_L0
0x0198	0xF8      	MOV R0, A
0x0199	0xE6      	MOV A, @R0
0x019A	0x600D    	JZ L_LCD_Out23
;__Lib_Lcd.c,192 :: 		
0x019C	0xE50C    	MOV A, FARG_LCD_Out_text
0x019E	0x250D    	ADD A, LCD_Out_i_L0
0x01A0	0xF8      	MOV R0, A
0x01A1	0x860E    	MOV FARG_Lcd_Chr_CP_out_char, @R0
0x01A3	0x313B    	ACALL _Lcd_Chr_CP
0x01A5	0x050D    	INC LCD_Out_i_L0
0x01A7	0x80EB    	SJMP L_LCD_Out22
L_LCD_Out23:
;__Lib_Lcd.c,193 :: 		
0x01A9	0x750901  	MOV _cmd_status, #1
;__Lib_Lcd.c,194 :: 		
0x01AC	0x22      	RET
; end of _LCD_Out
_Lcd_Init:
;__Lib_Lcd.c,76 :: 		
;__Lib_Lcd.c,78 :: 		
0x01AD	0xC2B7    	CLR LCD_EN
;__Lib_Lcd.c,80 :: 		
0x01AF	0xC2B6    	CLR LCD_RS
;__Lib_Lcd.c,83 :: 		
0x01B1	0x1154    	ACALL _Delay_5500us
;__Lib_Lcd.c,84 :: 		
0x01B3	0x1154    	ACALL _Delay_5500us
;__Lib_Lcd.c,85 :: 		
0x01B5	0x1154    	ACALL _Delay_5500us
;__Lib_Lcd.c,87 :: 		
0x01B7	0xC2A7    	CLR LCD_D7
;__Lib_Lcd.c,88 :: 		
0x01B9	0xC2A6    	CLR LCD_D6
;__Lib_Lcd.c,89 :: 		
0x01BB	0xC2A5    	CLR LCD_D5
;__Lib_Lcd.c,90 :: 		
0x01BD	0xC2A4    	CLR LCD_D4
;__Lib_Lcd.c,93 :: 		
0x01BF	0xD2A5    	SETB LCD_D5
;__Lib_Lcd.c,94 :: 		
0x01C1	0xD2A4    	SETB LCD_D4
;__Lib_Lcd.c,95 :: 		
0x01C3	0xD2B7    	SETB LCD_EN
;__Lib_Lcd.c,96 :: 		
0x01C5	0x115E    	ACALL _Delay_1us
;__Lib_Lcd.c,97 :: 		
0x01C7	0xC2B7    	CLR LCD_EN
;__Lib_Lcd.c,98 :: 		
0x01C9	0x1154    	ACALL _Delay_5500us
;__Lib_Lcd.c,100 :: 		
0x01CB	0xD2B7    	SETB LCD_EN
;__Lib_Lcd.c,101 :: 		
0x01CD	0x115E    	ACALL _Delay_1us
;__Lib_Lcd.c,102 :: 		
0x01CF	0xC2B7    	CLR LCD_EN
;__Lib_Lcd.c,103 :: 		
0x01D1	0x1154    	ACALL _Delay_5500us
;__Lib_Lcd.c,105 :: 		
0x01D3	0xD2B7    	SETB LCD_EN
;__Lib_Lcd.c,106 :: 		
0x01D5	0x115E    	ACALL _Delay_1us
;__Lib_Lcd.c,107 :: 		
0x01D7	0xC2B7    	CLR LCD_EN
;__Lib_Lcd.c,108 :: 		
0x01D9	0x1154    	ACALL _Delay_5500us
;__Lib_Lcd.c,111 :: 		
0x01DB	0xD2A5    	SETB LCD_D5
;__Lib_Lcd.c,112 :: 		
0x01DD	0xC2A4    	CLR LCD_D4
;__Lib_Lcd.c,113 :: 		
0x01DF	0xD2B7    	SETB LCD_EN
;__Lib_Lcd.c,114 :: 		
0x01E1	0x115E    	ACALL _Delay_1us
;__Lib_Lcd.c,115 :: 		
0x01E3	0xC2B7    	CLR LCD_EN
;__Lib_Lcd.c,116 :: 		
0x01E5	0x1154    	ACALL _Delay_5500us
;__Lib_Lcd.c,119 :: 		
0x01E7	0xC2A7    	CLR LCD_D7
;__Lib_Lcd.c,120 :: 		
0x01E9	0xC2A6    	CLR LCD_D6
;__Lib_Lcd.c,121 :: 		
0x01EB	0xC2A5    	CLR LCD_D5
;__Lib_Lcd.c,122 :: 		
0x01ED	0xD2A5    	SETB LCD_D5
;__Lib_Lcd.c,123 :: 		
0x01EF	0xC2A4    	CLR LCD_D4
;__Lib_Lcd.c,124 :: 		
0x01F1	0xD2B7    	SETB LCD_EN
;__Lib_Lcd.c,125 :: 		
0x01F3	0x115E    	ACALL _Delay_1us
;__Lib_Lcd.c,126 :: 		
0x01F5	0xC2B7    	CLR LCD_EN
;__Lib_Lcd.c,127 :: 		
0x01F7	0xC2A5    	CLR LCD_D5
;__Lib_Lcd.c,128 :: 		
0x01F9	0xD2A7    	SETB LCD_D7
;__Lib_Lcd.c,129 :: 		
0x01FB	0xD2B7    	SETB LCD_EN
;__Lib_Lcd.c,130 :: 		
0x01FD	0x115E    	ACALL _Delay_1us
;__Lib_Lcd.c,131 :: 		
0x01FF	0xC2B7    	CLR LCD_EN
;__Lib_Lcd.c,132 :: 		
0x0201	0x1154    	ACALL _Delay_5500us
;__Lib_Lcd.c,135 :: 		
0x0203	0xC2A7    	CLR LCD_D7
;__Lib_Lcd.c,136 :: 		
0x0205	0xD2A4    	SETB LCD_D4
;__Lib_Lcd.c,137 :: 		
0x0207	0xD2B7    	SETB LCD_EN
;__Lib_Lcd.c,138 :: 		
0x0209	0x115E    	ACALL _Delay_1us
;__Lib_Lcd.c,139 :: 		
0x020B	0xC2B7    	CLR LCD_EN
;__Lib_Lcd.c,140 :: 		
0x020D	0xC2A4    	CLR LCD_D4
;__Lib_Lcd.c,141 :: 		
0x020F	0xD2B7    	SETB LCD_EN
;__Lib_Lcd.c,142 :: 		
0x0211	0x115E    	ACALL _Delay_1us
;__Lib_Lcd.c,143 :: 		
0x0213	0xC2B7    	CLR LCD_EN
;__Lib_Lcd.c,144 :: 		
0x0215	0x1154    	ACALL _Delay_5500us
;__Lib_Lcd.c,147 :: 		
0x0217	0xC2A4    	CLR LCD_D4
;__Lib_Lcd.c,148 :: 		
0x0219	0xD2B7    	SETB LCD_EN
;__Lib_Lcd.c,149 :: 		
0x021B	0x115E    	ACALL _Delay_1us
;__Lib_Lcd.c,150 :: 		
0x021D	0xC2B7    	CLR LCD_EN
;__Lib_Lcd.c,151 :: 		
0x021F	0xD2A4    	SETB LCD_D4
;__Lib_Lcd.c,152 :: 		
0x0221	0xD2B7    	SETB LCD_EN
;__Lib_Lcd.c,153 :: 		
0x0223	0x115E    	ACALL _Delay_1us
;__Lib_Lcd.c,154 :: 		
0x0225	0xC2B7    	CLR LCD_EN
;__Lib_Lcd.c,155 :: 		
0x0227	0x1154    	ACALL _Delay_5500us
;__Lib_Lcd.c,158 :: 		
0x0229	0xC2A4    	CLR LCD_D4
;__Lib_Lcd.c,159 :: 		
0x022B	0xD2B7    	SETB LCD_EN
;__Lib_Lcd.c,160 :: 		
0x022D	0x115E    	ACALL _Delay_1us
;__Lib_Lcd.c,161 :: 		
0x022F	0xC2B7    	CLR LCD_EN
;__Lib_Lcd.c,163 :: 		
0x0231	0xD2A7    	SETB LCD_D7
;__Lib_Lcd.c,164 :: 		
0x0233	0xD2A6    	SETB LCD_D6
;__Lib_Lcd.c,165 :: 		
0x0235	0xD2A5    	SETB LCD_D5
;__Lib_Lcd.c,166 :: 		
0x0237	0xD2A4    	SETB LCD_D4
;__Lib_Lcd.c,167 :: 		
0x0239	0xD2B7    	SETB LCD_EN
;__Lib_Lcd.c,168 :: 		
0x023B	0x115E    	ACALL _Delay_1us
;__Lib_Lcd.c,169 :: 		
0x023D	0xC2B7    	CLR LCD_EN
;__Lib_Lcd.c,171 :: 		
0x023F	0x1154    	ACALL _Delay_5500us
;__Lib_Lcd.c,173 :: 		
0x0241	0x750901  	MOV _cmd_status, #1
;__Lib_Lcd.c,174 :: 		
0x0244	0x22      	RET
; end of _Lcd_Init
_Move_Delay:
;displayseven.c,19 :: 		void Move_Delay() {                  // Function used for text moving
;displayseven.c,20 :: 		Delay_ms(500);                     // You can change the moving speed here
0x0245	0x7D04    	MOV R5, 4
0x0247	0x7E81    	MOV R6, 129
0x0249	0x7F79    	MOV R7, 121
0x024B	0xDFFE    	DJNZ R7, PC-2
0x024D	0xDEFC    	DJNZ R6, PC-4
0x024F	0xDDFA    	DJNZ R5, PC-6
0x0251	0x00      	NOP
;displayseven.c,21 :: 		}
0x0252	0x22      	RET
; end of _Move_Delay
___CC2D:
;__Lib_System.c,13 :: 		
;__Lib_System.c,15 :: 		
_CC2D_Loop1:
;__Lib_System.c,16 :: 		
0x0253	0xE4      	CLR A
;__Lib_System.c,17 :: 		
0x0254	0x93      	MOVC A, @A+DPTR
;__Lib_System.c,18 :: 		
0x0255	0xF6      	MOV @R0, A
;__Lib_System.c,19 :: 		
0x0256	0x08      	INC R0
;__Lib_System.c,20 :: 		
0x0257	0xA3      	INC DPTR
;__Lib_System.c,21 :: 		
0x0258	0xD9F9    	DJNZ R1, _CC2D_Loop1
;__Lib_System.c,23 :: 		
0x025A	0x22      	RET
; end of ___CC2D
_main:
0x025B	0x758180  	MOV SP, #128
0x025E	0x120312  	LCALL 786
;displayseven.c,22 :: 		void main(){
;displayseven.c,23 :: 		Lcd_Init();                        // Initialize Lcd
0x0261	0x31AD    	ACALL _Lcd_Init
;displayseven.c,24 :: 		Lcd_Cmd(_LCD_CLEAR);               // Clear display
0x0263	0x750F01  	MOV FARG_Lcd_Cmd_out_char, #1
0x0266	0x1160    	ACALL _Lcd_Cmd
;displayseven.c,25 :: 		Lcd_Cmd(_LCD_CURSOR_OFF);          // Cursor off
0x0268	0x750F0C  	MOV FARG_Lcd_Cmd_out_char, #12
0x026B	0x1160    	ACALL _Lcd_Cmd
;displayseven.c,26 :: 		Lcd_Out(1,6,txt3);                 // Write text in first row
0x026D	0x750A01  	MOV FARG_LCD_Out_row, #1
0x0270	0x750B06  	MOV FARG_LCD_Out_column, #6
0x0273	0x750C4B  	MOV FARG_LCD_Out_text, #_txt3+0
0x0276	0x3147    	ACALL _LCD_Out
;displayseven.c,27 :: 		Lcd_Out(2,6,txt4);                 // Write text in second row
0x0278	0x750A02  	MOV FARG_LCD_Out_row, #2
0x027B	0x750B06  	MOV FARG_LCD_Out_column, #6
0x027E	0x750C30  	MOV FARG_LCD_Out_text, #_txt4+0
0x0281	0x3147    	ACALL _LCD_Out
;displayseven.c,28 :: 		Delay_ms(2000);  Lcd_Cmd(_LCD_CLEAR);               // Clear display
0x0283	0x7D0F    	MOV R5, 15
0x0285	0x7E02    	MOV R6, 2
0x0287	0x7FED    	MOV R7, 237
0x0289	0xDFFE    	DJNZ R7, PC-2
0x028B	0xDEFC    	DJNZ R6, PC-4
0x028D	0xDDFA    	DJNZ R5, PC-6
0x028F	0x00      	NOP
0x0290	0x750F01  	MOV FARG_Lcd_Cmd_out_char, #1
0x0293	0x1160    	ACALL _Lcd_Cmd
;displayseven.c,29 :: 		Lcd_Out(1,16,txt5);                 // Write text in first row
0x0295	0x750A01  	MOV FARG_LCD_Out_row, #1
0x0298	0x750B10  	MOV FARG_LCD_Out_column, #16
0x029B	0x750C3B  	MOV FARG_LCD_Out_text, #_txt5+0
0x029E	0x3147    	ACALL _LCD_Out
;displayseven.c,30 :: 		Lcd_Out(2,5,txt2);                 // Write text in second row
0x02A0	0x750A02  	MOV FARG_LCD_Out_row, #2
0x02A3	0x750B05  	MOV FARG_LCD_Out_column, #5
0x02A6	0x750C3D  	MOV FARG_LCD_Out_text, #_txt2+0
0x02A9	0x3147    	ACALL _LCD_Out
;displayseven.c,32 :: 		Delay_ms(2000);  // Moving text
0x02AB	0x7D0F    	MOV R5, 15
0x02AD	0x7E02    	MOV R6, 2
0x02AF	0x7FED    	MOV R7, 237
0x02B1	0xDFFE    	DJNZ R7, PC-2
0x02B3	0xDEFC    	DJNZ R6, PC-4
0x02B5	0xDDFA    	DJNZ R5, PC-6
0x02B7	0x00      	NOP
;displayseven.c,37 :: 		while(1) {                         // Endless loop
L_main0:
;displayseven.c,38 :: 		for(i=0; i<16; i++) {             // Move text to the left 7 times
0x02B8	0x750800  	MOV _i, #0
L_main2:
0x02BB	0xC3      	CLR C
0x02BC	0xE508    	MOV A, _i
0x02BE	0x9410    	SUBB A, #16
0x02C0	0x500B    	JNC L_main3
;displayseven.c,39 :: 		Lcd_Cmd(_LCD_SHIFT_LEFT);
0x02C2	0x750F18  	MOV FARG_Lcd_Cmd_out_char, #24
0x02C5	0x1160    	ACALL _Lcd_Cmd
;displayseven.c,40 :: 		Move_Delay();
0x02C7	0x5145    	ACALL _Move_Delay
;displayseven.c,38 :: 		for(i=0; i<16; i++) {             // Move text to the left 7 times
0x02C9	0x0508    	INC _i
;displayseven.c,41 :: 		}
0x02CB	0x80EE    	SJMP L_main2
L_main3:
;displayseven.c,42 :: 		Lcd_Cmd(_LCD_UNDERLINE_ON); // Cursor ON para demonstração
0x02CD	0x750F0E  	MOV FARG_Lcd_Cmd_out_char, #14
0x02D0	0x1160    	ACALL _Lcd_Cmd
;displayseven.c,43 :: 		for(i=0; i<16; i++) {             // Move text to the right 7 times
0x02D2	0x750800  	MOV _i, #0
L_main5:
0x02D5	0xC3      	CLR C
0x02D6	0xE508    	MOV A, _i
0x02D8	0x9410    	SUBB A, #16
0x02DA	0x500B    	JNC L_main6
;displayseven.c,44 :: 		Lcd_Cmd(_LCD_SHIFT_RIGHT);
0x02DC	0x750F1C  	MOV FARG_Lcd_Cmd_out_char, #28
0x02DF	0x1160    	ACALL _Lcd_Cmd
;displayseven.c,45 :: 		Move_Delay();
0x02E1	0x5145    	ACALL _Move_Delay
;displayseven.c,43 :: 		for(i=0; i<16; i++) {             // Move text to the right 7 times
0x02E3	0x0508    	INC _i
;displayseven.c,46 :: 		}
0x02E5	0x80EE    	SJMP L_main5
L_main6:
;displayseven.c,47 :: 		Lcd_Cmd(_LCD_CURSOR_OFF);          // Cursor off
0x02E7	0x750F0C  	MOV FARG_Lcd_Cmd_out_char, #12
0x02EA	0x1160    	ACALL _Lcd_Cmd
;displayseven.c,49 :: 		}
0x02EC	0x80CA    	SJMP L_main0
;displayseven.c,50 :: 		}
0x02EE	0x80FE    	SJMP #254
; end of _main
0x0312	0x7830    	MOV R0, 48
0x0314	0x7922    	MOV R1, 34
0x0316	0x7582F0  	MOV DPL, 240
0x0319	0x758302  	MOV DPH, 2
0x031C	0x120253  	LCALL 595
0x031F	0x22      	RET
;displayseven.c,0 :: ?ICS_txt4
0x02F0	0x636176 ;?ICS_txt4+0
0x02F3	0x616C63 ;?ICS_txt4+3
0x02F6	0x616E74 ;?ICS_txt4+6
0x02F9	0x6500 ;?ICS_txt4+9
; end of ?ICS_txt4
;displayseven.c,0 :: ?ICS_txt5
0x02FB	0x4100 ;?ICS_txt5+0
; end of ?ICS_txt5
;displayseven.c,0 :: ?ICS_txt2
0x02FD	0x6B6974 ;?ICS_txt2+0
0x0300	0x203835 ;?ICS_txt2+3
0x0303	0x312073 ;?ICS_txt2+6
0x0306	0x747564 ;?ICS_txt2+9
0x0309	0x7900 ;?ICS_txt2+12
; end of ?ICS_txt2
;displayseven.c,0 :: ?ICS_txt3
0x030B	0x73616D ;?ICS_txt3+0
0x030E	0x75656C ;?ICS_txt3+3
0x0311	0x00 ;?ICS_txt3+6
; end of ?ICS_txt3
Symbol List:
//** Routines locations **
//ADDRESS    SIZE    PROCEDURE
//----------------------------------------------
0x004E       [6]    _Delay_50us
0x0054      [10]    _Delay_5500us
0x005E       [2]    _Delay_1us
0x0060     [219]    _Lcd_Cmd
0x013B      [12]    _Lcd_Chr_CP
0x0147     [102]    _LCD_Out
0x01AD     [152]    _Lcd_Init
0x0245      [14]    _Move_Delay
0x0253       [8]    ___CC2D
0x025B     [149]    _main
//** Variables locations ** 
//ADDRESS    SIZE    VARIABLE
//----------------------------------------------
0x0000       [1]    R0
0x0001       [1]    R1
0x0002       [1]    R2
0x0003       [1]    R3
0x0004       [1]    R4
0x0005       [1]    R5
0x0006       [1]    R6
0x0007       [1]    R7
0x0008       [1]    _i
0x0009       [1]    _cmd_status
0x000A       [1]    FARG_LCD_Out_row
0x000B       [1]    FARG_LCD_Out_column
0x000C       [1]    FARG_LCD_Out_text
0x000D       [1]    LCD_Out_i_L0
0x000E       [1]    FARG_Lcd_Chr_CP_out_char
0x000F       [1]    FARG_Lcd_Cmd_out_char
0x0030      [11]    _txt4
0x003B       [2]    _txt5
0x003D      [14]    _txt2
0x004B       [7]    _txt3
0x0080       [1]    P0
0x0080       [0]    P0_3_bit
0x0080       [0]    P0_2_bit
0x0080       [0]    P0_1_bit
0x0080       [0]    P0_0_bit
0x0080       [0]    P0_6_bit
0x0080       [0]    P0_7_bit
0x0080       [0]    P0_4_bit
0x0080       [0]    P0_5_bit
0x0081       [1]    SP
0x0082       [1]    DPL
0x0082       [2]    DPTR
0x0083       [1]    DPH
0x0087       [0]    SMOD0_bit
0x0087       [0]    SMOD1_bit
0x0087       [0]    IDL_bit
0x0087       [1]    PCON
0x0087       [0]    PD_bit
0x0087       [0]    GF1_bit
0x0087       [0]    GF0_bit
0x0088       [0]    IT0_bit
0x0088       [0]    IE0_bit
0x0088       [0]    TR1_bit
0x0088       [0]    TF1_bit
0x0088       [1]    TCON
0x0088       [0]    TF0_bit
0x0088       [0]    TR0_bit
0x0088       [0]    IE1_bit
0x0088       [0]    IT1_bit
0x0089       [0]    M00_bit
0x0089       [1]    TMOD
0x0089       [0]    C_T1_bit
0x0089       [0]    GATE1_bit
0x0089       [0]    M01_bit
0x0089       [0]    C_T0_bit
0x0089       [0]    M11_bit
0x0089       [0]    GATE0_bit
0x0089       [0]    M10_bit
0x008A       [1]    TL0
0x008B       [1]    TL1
0x008C       [1]    TH0
0x008D       [1]    TH1
0x008E       [0]    XRS0_bit
0x008E       [0]    EXTRAM_bit
0x008E       [1]    AUXR
0x008E       [0]    M0_bit
0x008E       [0]    XRS1_bit
0x008E       [0]    AO_bit
0x008F       [0]    T2X2_bit
0x008F       [1]    CKCON0
0x008F       [0]    WDX2_bit
0x008F       [0]    PCAX2_bit
0x008F       [0]    X2_bit
0x008F       [0]    SIX2_bit
0x008F       [0]    T0X2_bit
0x008F       [0]    CANX2_bit
0x008F       [0]    T1X2_bit
0x0090       [0]    P1_4_bit
0x0090       [0]    P1_7_bit
0x0090       [0]    P1_3_bit
0x0090       [0]    P1_2_bit
0x0090       [0]    P1_0_bit
0x0090       [1]    P1
0x0090       [0]    P1_1_bit
0x0090       [0]    P1_6_bit
0x0090       [0]    P1_5_bit
0x0093       [1]    SSCON
0x0094       [1]    SSCS
0x0095       [1]    SSDAT
0x0096       [1]    SSADR
0x0097       [1]    CKRL
0x0098       [0]    REN_bit
0x0098       [0]    TB8_bit
0x0098       [0]    SM1_bit
0x0098       [0]    SM2_bit
0x0098       [0]    RI_bit
0x0098       [1]    SCON
0x0098       [0]    RB8_bit
0x0098       [0]    TI_bit
0x0098       [0]    FE_SM0_bit
0x0099       [1]    SBUF
0x009A       [1]    BRLN
0x009B       [0]    RBCK_bit
0x009B       [1]    BDRCON
0x009B       [0]    BRR_bit
0x009B       [0]    TBCK_bit
0x009B       [0]    SRC_bit
0x009B       [0]    SPD_bit
0x009C       [1]    KBLS
0x009D       [1]    KBE
0x009E       [1]    KBF
0x00A0       [0]    P2_4_bit
0x00A0       [0]    LCD_D0
0x00A0       [0]    P2_5_bit
0x00A0       [0]    P2_7_bit
0x00A0       [0]    LCD_D2
0x00A0       [0]    P2_6_bit
0x00A0       [0]    LCD_D1
0x00A0       [0]    LCD_D7
0x00A0       [0]    P2_2_bit
0x00A0       [0]    P2_1_bit
0x00A0       [1]    P2
0x00A0       [0]    P2_0_bit
0x00A0       [0]    LCD_D4
0x00A0       [0]    LCD_D3
0x00A0       [0]    LCD_D5
0x00A0       [0]    P2_3_bit
0x00A0       [0]    LCD_D6
0x00A2       [0]    DPS_bit
0x00A2       [1]    AUXR1
0x00A2       [0]    ENBOOT_bit
0x00A2       [0]    GF3_bit
0x00A6       [1]    WDTRST
0x00A7       [0]    S1_bit
0x00A7       [0]    S0_bit
0x00A7       [1]    WDTPRG
0x00A7       [0]    S2_bit
0x00A8       [0]    ET1_bit
0x00A8       [0]    ES_bit
0x00A8       [0]    ET2_bit
0x00A8       [1]    IEN0
0x00A8       [0]    EX1_bit
0x00A8       [0]    EA_bit
0x00A8       [0]    ET0_bit
0x00A8       [0]    EX0_bit
0x00A8       [0]    EC_bit
0x00A9       [1]    SADDR
0x00AF       [0]    SPIX2_bit
0x00AF       [1]    CKCON1
0x00B0       [0]    P3_7_bit
0x00B0       [0]    P3_6_bit
0x00B0       [0]    P3_0_bit
0x00B0       [0]    P3_1_bit
0x00B0       [0]    P3_3_bit
0x00B0       [0]    P3_2_bit
0x00B0       [0]    P3_5_bit
0x00B0       [0]    P3_4_bit
0x00B0       [1]    P3
0x00B0       [0]    LCD_RS
0x00B0       [0]    LCD_EN
0x00B1       [0]    KBD_bit
0x00B1       [1]    IEN1
0x00B1       [0]    ESPI_bit
0x00B2       [0]    SPIL_bit
0x00B2       [0]    KBDL_bit
0x00B2       [1]    IPL1
0x00B3       [1]    IPH1
0x00B3       [0]    KBDH_bit
0x00B3       [0]    SPIH_bit
0x00B7       [0]    PT0H_bit
0x00B7       [0]    PSH_bit
0x00B7       [0]    PX1H_bit
0x00B7       [0]    PT1H_bit
0x00B7       [0]    PX0H_bit
0x00B7       [0]    PPCH_bit
0x00B7       [1]    IPH0
0x00B7       [0]    PT2H_bit
0x00B8       [0]    PX0L_bit
0x00B8       [0]    PT0L_bit
0x00B8       [0]    PT2L_bit
0x00B8       [0]    PLS_bit
0x00B8       [0]    PT1L_bit
0x00B8       [0]    PX1L_bit
0x00B8       [0]    PPCL_bit
0x00B8       [1]    IPL0
0x00B9       [1]    SADEN
0x00C0       [0]    P4_7_bit
0x00C0       [0]    P4_3_bit
0x00C0       [0]    P4_2_bit
0x00C0       [0]    P4_1_bit
0x00C0       [0]    P4_5_bit
0x00C0       [1]    P4
0x00C0       [0]    P4_0_bit
0x00C0       [0]    P4_6_bit
0x00C0       [0]    P4_4_bit
0x00C3       [0]    SPR2_bit
0x00C3       [0]    SPEN_bit
0x00C3       [0]    SSDIS_bit
0x00C3       [0]    MSTR_bit
0x00C3       [0]    SPR0_bit
0x00C3       [1]    SPCON
0x00C3       [0]    SPR1_bit
0x00C3       [0]    CP0L_bit
0x00C3       [0]    CHHA_bit
0x00C4       [0]    SSERR_bit
0x00C4       [0]    WCOL_bit
0x00C4       [0]    SPIF_bit
0x00C4       [0]    MODF__bit
0x00C4       [1]    SPSTA
0x00C5       [0]    SPD7_bit
0x00C5       [0]    SPD2_bit
0x00C5       [0]    SPD1_bit
0x00C5       [0]    SPD3_bit
0x00C5       [0]    SPD6_bit
0x00C5       [0]    SPD4_bit
0x00C5       [0]    SPD5_bit
0x00C5       [0]    SPD0_bit
0x00C5       [1]    SPDAT
0x00C7       [1]    P5_byte
0x00C8       [0]    C_T2_bit
0x00C8       [0]    TR2_bit
0x00C8       [1]    T2CON
0x00C8       [0]    CP_RL2_bit
0x00C8       [0]    EXF2_bit
0x00C8       [0]    TCLK_bit
0x00C8       [0]    EXEN2_bit
0x00C8       [0]    TF2_bit
0x00C8       [0]    RCLK_bit
0x00C9       [0]    T2OE_bit
0x00C9       [1]    T2MOD
0x00C9       [0]    DCEN_bit
0x00CA       [1]    RCAP2L
0x00CB       [1]    RCAP2H
0x00CC       [1]    TL2
0x00CD       [1]    TH2
0x00D0       [0]    AC_bit
0x00D0       [0]    CY_bit
0x00D0       [0]    P_bit
0x00D0       [1]    PSW
0x00D0       [0]    F0_bit
0x00D0       [0]    OV_bit
0x00D0       [0]    RS0_bit
0x00D0       [0]    RS1_bit
0x00D0       [0]    F1_bit
0x00D2       [0]    EEE_bit
0x00D2       [0]    EEBUSY_bit
0x00D2       [1]    EECON
0x00D8       [0]    CCF2_bit
0x00D8       [1]    CCON
0x00D8       [0]    CCF1_bit
0x00D8       [0]    CCF0_bit
0x00D8       [0]    CR_bit
0x00D8       [0]    CF_bit
0x00D8       [0]    CCF3_bit
0x00D8       [0]    CCF4_bit
0x00D9       [0]    CIDL_bit
0x00D9       [0]    CPS0_bit
0x00D9       [0]    ECF_bit
0x00D9       [1]    CMOD
0x00D9       [0]    CPS1_bit
0x00D9       [0]    WDTE_bit
0x00DA       [0]    MAT0_bit
0x00DA       [0]    ECOM0_bit
0x00DA       [0]    CAPP0_bit
0x00DA       [0]    CAP0_bit
0x00DA       [0]    ECCF0_bit
0x00DA       [1]    CCAPM0
0x00DA       [0]    TOG0_bit
0x00DA       [0]    PWM0_bit
0x00DB       [0]    MAT1_bit
0x00DB       [0]    CAP1_bit
0x00DB       [0]    CAPP1_bit
0x00DB       [0]    TOG1_bit
0x00DB       [1]    CCAPM1
0x00DB       [0]    ECCF1_bit
0x00DB       [0]    PWM1_bit
0x00DB       [0]    ECOM1_bit
0x00DC       [0]    PWM2_bit
0x00DC       [0]    CAP2_bit
0x00DC       [0]    MAT2_bit
0x00DC       [0]    ECCF2_bit
0x00DC       [0]    TOG2_bit
0x00DC       [0]    ECOM2_bit
0x00DC       [0]    CAPP2_bit
0x00DC       [1]    CCAPM2
0x00DD       [0]    ECCF3_bit
0x00DD       [0]    CAPP3_bit
0x00DD       [0]    ECOM3_bit
0x00DD       [1]    CCAPM3
0x00DD       [0]    TOG3_bit
0x00DD       [0]    MAT3_bit
0x00DD       [0]    PWM3_bit
0x00DD       [0]    CAP3_bit
0x00DE       [0]    PWM4_bit
0x00DE       [0]    MAT4_bit
0x00DE       [0]    CAPP4_bit
0x00DE       [0]    TOG4_bit
0x00DE       [0]    CAP4_bit
0x00DE       [1]    CCAPM4
0x00DE       [0]    ECOM4_bit
0x00DE       [0]    ECCF4_bit
0x00E0       [1]    ACC
0x00E8       [0]    P5_5_bit
0x00E8       [0]    P5_4_bit
0x00E8       [0]    P5_7_bit
0x00E8       [0]    P5_6_bit
0x00E8       [0]    P5_3_bit
0x00E8       [0]    P5_0_bit
0x00E8       [1]    P5
0x00E8       [0]    P5_1_bit
0x00E8       [0]    P5_2_bit
0x00E9       [1]    CL
0x00EA       [0]    CCAP0L5_bit
0x00EA       [0]    CCAP0L4_bit
0x00EA       [0]    CCAP0L7_bit
0x00EA       [0]    CCAP0L6_bit
0x00EA       [0]    CCAP0L3_bit
0x00EA       [0]    CCAP0L0_bit
0x00EA       [1]    CCAP0L
0x00EA       [0]    CCAP0L2_bit
0x00EA       [0]    CCAP0L1_bit
0x00EB       [0]    CCAP1L5_bit
0x00EB       [0]    CCAP1L1_bit
0x00EB       [0]    CCAP1L3_bit
0x00EB       [0]    CCAP1L2_bit
0x00EB       [1]    CCAP1L
0x00EB       [0]    CCAP1L7_bit
0x00EB       [0]    CCAP1L0_bit
0x00EB       [0]    CCAP1L6_bit
0x00EB       [0]    CCAP1L4_bit
0x00EC       [0]    CCAP2L5_bit
0x00EC       [0]    CCAP2L3_bit
0x00EC       [0]    CCAP2L4_bit
0x00EC       [0]    CCAP2L1_bit
0x00EC       [1]    CCAP2L
0x00EC       [0]    CCAP2L2_bit
0x00EC       [0]    CCAP2L7_bit
0x00EC       [0]    CCAP2L6_bit
0x00EC       [0]    CCAP2L0_bit
0x00ED       [0]    CCAP3L3_bit
0x00ED       [0]    CCAP3L4_bit
0x00ED       [0]    CCAP3L0_bit
0x00ED       [1]    CCAP3L
0x00ED       [0]    CCAP3L7_bit
0x00ED       [0]    CCAP3L6_bit
0x00ED       [0]    CCAP3L5_bit
0x00ED       [0]    CCAP3L2_bit
0x00ED       [0]    CCAP3L1_bit
0x00EE       [0]    CCAP4L7_bit
0x00EE       [0]    CCAP4L1_bit
0x00EE       [0]    CCAP4L2_bit
0x00EE       [1]    CCAP4L
0x00EE       [0]    CCAP4L0_bit
0x00EE       [0]    CCAP4L5_bit
0x00EE       [0]    CCAP4L6_bit
0x00EE       [0]    CCAP4L4_bit
0x00EE       [0]    CCAP4L3_bit
0x00F0       [1]    B
0x00F9       [1]    CH
0x00FA       [1]    CCAP0H
0x00FA       [0]    CCAP0H5_bit
0x00FA       [0]    CCAP0H4_bit
0x00FA       [0]    CCAP0H7_bit
0x00FA       [0]    CCAP0H6_bit
0x00FA       [0]    CCAP0H1_bit
0x00FA       [0]    CCAP0H0_bit
0x00FA       [0]    CCAP0H2_bit
0x00FA       [0]    CCAP0H3_bit
0x00FB       [0]    CCAP1H2_bit
0x00FB       [0]    CCAP1H6_bit
0x00FB       [0]    CCAP1H1_bit
0x00FB       [0]    CCAP1H5_bit
0x00FB       [0]    CCAP1H3_bit
0x00FB       [0]    CCAP1H4_bit
0x00FB       [0]    CCAP1H0_bit
0x00FB       [1]    CCAP1H
0x00FB       [0]    CCAP1H7_bit
0x00FC       [0]    CCAP2H5_bit
0x00FC       [0]    CCAP2H6_bit
0x00FC       [0]    CCAP2H4_bit
0x00FC       [1]    CCAP2H
0x00FC       [0]    CCAP2H7_bit
0x00FC       [0]    CCAP2H1_bit
0x00FC       [0]    CCAP2H2_bit
0x00FC       [0]    CCAP2H0_bit
0x00FC       [0]    CCAP2H3_bit
0x00FD       [0]    CCAP3H7_bit
0x00FD       [0]    CCAP3H4_bit
0x00FD       [0]    CCAP3H3_bit
0x00FD       [0]    CCAP3H6_bit
0x00FD       [0]    CCAP3H5_bit
0x00FD       [0]    CCAP3H0_bit
0x00FD       [1]    CCAP3H
0x00FD       [0]    CCAP3H2_bit
0x00FD       [0]    CCAP3H1_bit
0x00FE       [0]    CCAP4H2_bit
0x00FE       [0]    CCAP4H3_bit
0x00FE       [0]    CCAP4H4_bit
0x00FE       [1]    CCAP4H
0x00FE       [0]    CCAP4H0_bit
0x00FE       [0]    CCAP4H1_bit
0x00FE       [0]    CCAP4H7_bit
0x00FE       [0]    CCAP4H6_bit
0x00FE       [0]    CCAP4H5_bit
//** Constants locations ** 
//ADDRESS    SIZE    CONSTANT
//----------------------------------------------
0x02F0      [11]    ?ICS_txt4
0x02FB       [2]    ?ICS_txt5
0x02FD      [14]    ?ICS_txt2
0x030B       [7]    ?ICS_txt3
//** Label List: ** 
//----------------------------------------------
  L_main0
  L_main1
  L_main2
  L_main3
  L_main4
  L_main5
  L_main6
  L_main7
  _Move_Delay
  _main
  L_Delay_Cyc0
  L_Delay_Cyc1
  L_VDelay_ms2
  L_VDelay_ms3
  L_VDelay_ms4
  L_VDelay_ms5
  _Get_Fosc_kHz
  _Delay_1us
  _Delay_10us
  _Delay_22us
  _Delay_50us
  _Delay_80us
  _Delay_500us
  _Delay_5500us
  _Delay_8ms
  _Delay_10ms
  _Delay_100ms
  _Delay_1sec
  _Delay_Cyc
  _VDelay_ms
  L_Lcd_Cmd0
  L_Lcd_Cmd1
  L_Lcd_Cmd2
  L_Lcd_Cmd3
  L_Lcd_Cmd4
  L_Lcd_Cmd5
  L_LCD_Out_CP6
  L_LCD_Out_CP7
  L_Lcd_Chr8
  L_Lcd_Chr9
  L_Lcd_Chr10
  L_Lcd_Chr11
  L_Lcd_Chr12
  L_Lcd_Chr13
  L_Lcd_Chr14
  L_LCD_Out15
  L_LCD_Out16
  L_LCD_Out17
  L_LCD_Out18
  L_LCD_Out19
  L_LCD_Out20
  L_LCD_Out21
  L_LCD_Out22
  L_LCD_Out23
  _Lcd_Cmd
  L__Lcd_Cmd24
  L__Lcd_Cmd25
  L__Lcd_Cmd26
  L__Lcd_Cmd27
  L__Lcd_Cmd28
  L__Lcd_Cmd29
  L__Lcd_Cmd30
  L__Lcd_Cmd31
  L__Lcd_Cmd32
  L__Lcd_Cmd33
  L__Lcd_Cmd34
  L__Lcd_Cmd35
  L__Lcd_Cmd36
  L__Lcd_Cmd37
  L__Lcd_Cmd38
  L__Lcd_Cmd39
  _Lcd_Chr_CP
  _LCD_Out_CP
  _Lcd_Chr
  _Lcd_Init
  _LCD_Out
  _CC2D_Loop1
  _CC2PD_Loop1
  _CC2XD_Loop1
  ___DoIFC
  ___CC2D
  ___CC2PD
  ___CC2XD
